2024-10-26T05:48:02.709-07:00  INFO 9684 --- [Authentication Service] [restartedMain] c.r.auth.UserAuthenticationApplication   : Starting UserAuthenticationApplication using Java 22 with PID 9684 (C:\Users\ronbo\Documents\Software Engineering\programming\java\spring-boot-authentication\target\classes started by ronbo in C:\Users\ronbo\Documents\Software Engineering\programming\java\spring-boot-authentication)
2024-10-26T05:48:02.709-07:00  INFO 9684 --- [Authentication Service] [restartedMain] c.r.auth.UserAuthenticationApplication   : No active profile set, falling back to 1 default profile: "default"
2024-10-26T05:48:02.836-07:00  INFO 9684 --- [Authentication Service] [restartedMain] .s.d.r.c.RepositoryConfigurationDelegate : Bootstrapping Spring Data JPA repositories in DEFAULT mode.
2024-10-26T05:48:02.843-07:00  INFO 9684 --- [Authentication Service] [restartedMain] .s.d.r.c.RepositoryConfigurationDelegate : Finished Spring Data repository scanning in 5 ms. Found 1 JPA repository interface.
2024-10-26T05:48:02.930-07:00  INFO 9684 --- [Authentication Service] [restartedMain] o.s.b.w.embedded.tomcat.TomcatWebServer  : Tomcat initialized with port 8080 (http)
2024-10-26T05:48:02.931-07:00  INFO 9684 --- [Authentication Service] [restartedMain] o.apache.catalina.core.StandardService   : Starting service [Tomcat]
2024-10-26T05:48:02.932-07:00  INFO 9684 --- [Authentication Service] [restartedMain] o.apache.catalina.core.StandardEngine    : Starting Servlet engine: [Apache Tomcat/10.1.18]
2024-10-26T05:48:02.945-07:00  INFO 9684 --- [Authentication Service] [restartedMain] o.a.c.c.C.[Tomcat-94].[localhost].[/]    : Initializing Spring embedded WebApplicationContext
2024-10-26T05:48:02.945-07:00  INFO 9684 --- [Authentication Service] [restartedMain] w.s.c.ServletWebServerApplicationContext : Root WebApplicationContext: initialization completed in 234 ms
2024-10-26T05:48:02.956-07:00  INFO 9684 --- [Authentication Service] [restartedMain] com.zaxxer.hikari.HikariDataSource       : HikariPool-106 - Starting...
2024-10-26T05:48:02.957-07:00  INFO 9684 --- [Authentication Service] [restartedMain] com.zaxxer.hikari.pool.HikariPool        : HikariPool-106 - Added connection conn206: url=jdbc:h2:mem:testdb user=ROOT
2024-10-26T05:48:02.958-07:00  INFO 9684 --- [Authentication Service] [restartedMain] com.zaxxer.hikari.HikariDataSource       : HikariPool-106 - Start completed.
2024-10-26T05:48:02.958-07:00  INFO 9684 --- [Authentication Service] [restartedMain] o.s.b.a.h2.H2ConsoleAutoConfiguration    : H2 console available at '/h2-console'. Database available at 'jdbc:h2:mem:testdb'
2024-10-26T05:48:02.978-07:00  INFO 9684 --- [Authentication Service] [restartedMain] o.hibernate.jpa.internal.util.LogHelper  : HHH000204: Processing PersistenceUnitInfo [name: default]
2024-10-26T05:48:02.980-07:00  INFO 9684 --- [Authentication Service] [restartedMain] o.h.c.internal.RegionFactoryInitiator    : HHH000026: Second-level cache disabled
2024-10-26T05:48:02.983-07:00  INFO 9684 --- [Authentication Service] [restartedMain] o.s.o.j.p.SpringPersistenceUnitInfo      : No LoadTimeWeaver setup: ignoring JPA class transformer
2024-10-26T05:48:02.984-07:00  WARN 9684 --- [Authentication Service] [restartedMain] org.hibernate.orm.deprecation            : HHH90000025: H2Dialect does not need to be specified explicitly using 'hibernate.dialect' (remove the property setting and it will be selected by default)
2024-10-26T05:48:03.031-07:00  INFO 9684 --- [Authentication Service] [restartedMain] o.h.e.t.j.p.i.JtaPlatformInitiator       : HHH000489: No JTA platform available (set 'hibernate.transaction.jta.platform' to enable JTA platform integration)
2024-10-26T05:48:03.035-07:00  INFO 9684 --- [Authentication Service] [restartedMain] j.LocalContainerEntityManagerFactoryBean : Initialized JPA EntityManagerFactory for persistence unit 'default'
2024-10-26T05:48:03.115-07:00  WARN 9684 --- [Authentication Service] [restartedMain] JpaBaseConfiguration$JpaWebConfiguration : spring.jpa.open-in-view is enabled by default. Therefore, database queries may be performed during view rendering. Explicitly configure spring.jpa.open-in-view to disable this warning
2024-10-26T05:48:03.166-07:00  INFO 9684 --- [Authentication Service] [restartedMain] o.s.s.web.DefaultSecurityFilterChain     : Will secure any request with [org.springframework.security.web.session.DisableEncodeUrlFilter@5991838b, org.springframework.security.web.context.request.async.WebAsyncManagerIntegrationFilter@70b3a55f, org.springframework.security.web.context.SecurityContextHolderFilter@38f35ba2, org.springframework.security.web.header.HeaderWriterFilter@43b5516d, org.springframework.security.web.authentication.logout.LogoutFilter@60393650, com.ronbodnar.auth.security.filter.JwtAuthenticationFilter@218e6a68, com.ronbodnar.auth.security.filter.BearerAuthenticationFilter@36e6a3eb, org.springframework.security.web.savedrequest.RequestCacheAwareFilter@163ef030, org.springframework.security.web.servletapi.SecurityContextHolderAwareRequestFilter@7f69e5a3, org.springframework.security.web.authentication.AnonymousAuthenticationFilter@4ec2a913, org.springframework.security.web.session.SessionManagementFilter@b26d8f1, org.springframework.security.web.access.ExceptionTranslationFilter@60d9d743, org.springframework.security.web.access.intercept.AuthorizationFilter@31134c75]
2024-10-26T05:48:03.205-07:00  INFO 9684 --- [Authentication Service] [restartedMain] o.s.b.d.a.OptionalLiveReloadServer       : LiveReload server is running on port 35729
2024-10-26T05:48:03.212-07:00  INFO 9684 --- [Authentication Service] [restartedMain] o.s.b.w.embedded.tomcat.TomcatWebServer  : Tomcat started on port 8080 (http) with context path ''
2024-10-26T05:48:03.215-07:00  INFO 9684 --- [Authentication Service] [restartedMain] c.r.auth.UserAuthenticationApplication   : Started UserAuthenticationApplication in 0.522 seconds (process running for 4028.613)
2024-10-26T05:48:03.281-07:00  INFO 9684 --- [Authentication Service] [restartedMain] .ConditionEvaluationDeltaLoggingListener : Condition evaluation unchanged
2024-10-26T05:50:15.165-07:00  INFO 9684 --- [Authentication Service] [File Watcher] rtingClassPathChangeChangedEventListener : Restarting due to 1 class path change (0 additions, 0 deletions, 1 modification)
2024-10-26T05:50:15.169-07:00  INFO 9684 --- [Authentication Service] [Thread-345] j.LocalContainerEntityManagerFactoryBean : Closing JPA EntityManagerFactory for persistence unit 'default'
2024-10-26T05:50:15.171-07:00  WARN 9684 --- [Authentication Service] [Thread-345] o.s.b.f.support.DisposableBeanAdapter    : Invocation of destroy method failed on bean with name 'inMemoryDatabaseShutdownExecutor': org.h2.jdbc.JdbcSQLNonTransientConnectionException: Database is already closed (to disable automatic closing at VM shutdown, add ";DB_CLOSE_ON_EXIT=FALSE" to the db URL) [90121-224]
2024-10-26T05:50:15.171-07:00  INFO 9684 --- [Authentication Service] [Thread-345] com.zaxxer.hikari.HikariDataSource       : HikariPool-106 - Shutdown initiated...
2024-10-26T05:50:15.172-07:00  INFO 9684 --- [Authentication Service] [Thread-345] com.zaxxer.hikari.HikariDataSource       : HikariPool-106 - Shutdown completed.
2024-10-26T05:50:15.241-07:00  INFO 9684 --- [Authentication Service] [restartedMain] c.r.auth.UserAuthenticationApplication   : Starting UserAuthenticationApplication using Java 22 with PID 9684 (C:\Users\ronbo\Documents\Software Engineering\programming\java\spring-boot-authentication\target\classes started by ronbo in C:\Users\ronbo\Documents\Software Engineering\programming\java\spring-boot-authentication)
2024-10-26T05:50:15.241-07:00  INFO 9684 --- [Authentication Service] [restartedMain] c.r.auth.UserAuthenticationApplication   : No active profile set, falling back to 1 default profile: "default"
2024-10-26T05:50:15.372-07:00  INFO 9684 --- [Authentication Service] [restartedMain] .s.d.r.c.RepositoryConfigurationDelegate : Bootstrapping Spring Data JPA repositories in DEFAULT mode.
2024-10-26T05:50:15.379-07:00  INFO 9684 --- [Authentication Service] [restartedMain] .s.d.r.c.RepositoryConfigurationDelegate : Finished Spring Data repository scanning in 6 ms. Found 1 JPA repository interface.
2024-10-26T05:50:15.454-07:00  INFO 9684 --- [Authentication Service] [restartedMain] o.s.b.w.embedded.tomcat.TomcatWebServer  : Tomcat initialized with port 8080 (http)
2024-10-26T05:50:15.455-07:00  INFO 9684 --- [Authentication Service] [restartedMain] o.apache.catalina.core.StandardService   : Starting service [Tomcat]
2024-10-26T05:50:15.456-07:00  INFO 9684 --- [Authentication Service] [restartedMain] o.apache.catalina.core.StandardEngine    : Starting Servlet engine: [Apache Tomcat/10.1.18]
2024-10-26T05:50:15.468-07:00  INFO 9684 --- [Authentication Service] [restartedMain] o.a.c.c.C.[Tomcat-94].[localhost].[/]    : Initializing Spring embedded WebApplicationContext
2024-10-26T05:50:15.468-07:00  INFO 9684 --- [Authentication Service] [restartedMain] w.s.c.ServletWebServerApplicationContext : Root WebApplicationContext: initialization completed in 225 ms
2024-10-26T05:50:15.477-07:00  INFO 9684 --- [Authentication Service] [restartedMain] com.zaxxer.hikari.HikariDataSource       : HikariPool-107 - Starting...
2024-10-26T05:50:15.478-07:00  INFO 9684 --- [Authentication Service] [restartedMain] com.zaxxer.hikari.pool.HikariPool        : HikariPool-107 - Added connection conn216: url=jdbc:h2:mem:testdb user=ROOT
2024-10-26T05:50:15.479-07:00  INFO 9684 --- [Authentication Service] [restartedMain] com.zaxxer.hikari.HikariDataSource       : HikariPool-107 - Start completed.
2024-10-26T05:50:15.479-07:00  INFO 9684 --- [Authentication Service] [restartedMain] o.s.b.a.h2.H2ConsoleAutoConfiguration    : H2 console available at '/h2-console'. Database available at 'jdbc:h2:mem:testdb'
2024-10-26T05:50:15.496-07:00  INFO 9684 --- [Authentication Service] [restartedMain] o.hibernate.jpa.internal.util.LogHelper  : HHH000204: Processing PersistenceUnitInfo [name: default]
2024-10-26T05:50:15.498-07:00  INFO 9684 --- [Authentication Service] [restartedMain] o.h.c.internal.RegionFactoryInitiator    : HHH000026: Second-level cache disabled
2024-10-26T05:50:15.501-07:00  INFO 9684 --- [Authentication Service] [restartedMain] o.s.o.j.p.SpringPersistenceUnitInfo      : No LoadTimeWeaver setup: ignoring JPA class transformer
2024-10-26T05:50:15.502-07:00  WARN 9684 --- [Authentication Service] [restartedMain] org.hibernate.orm.deprecation            : HHH90000025: H2Dialect does not need to be specified explicitly using 'hibernate.dialect' (remove the property setting and it will be selected by default)
2024-10-26T05:50:15.538-07:00  INFO 9684 --- [Authentication Service] [restartedMain] o.h.e.t.j.p.i.JtaPlatformInitiator       : HHH000489: No JTA platform available (set 'hibernate.transaction.jta.platform' to enable JTA platform integration)
2024-10-26T05:50:15.542-07:00  INFO 9684 --- [Authentication Service] [restartedMain] j.LocalContainerEntityManagerFactoryBean : Initialized JPA EntityManagerFactory for persistence unit 'default'
2024-10-26T05:50:15.620-07:00  WARN 9684 --- [Authentication Service] [restartedMain] JpaBaseConfiguration$JpaWebConfiguration : spring.jpa.open-in-view is enabled by default. Therefore, database queries may be performed during view rendering. Explicitly configure spring.jpa.open-in-view to disable this warning
2024-10-26T05:50:15.661-07:00  INFO 9684 --- [Authentication Service] [restartedMain] o.s.s.web.DefaultSecurityFilterChain     : Will secure any request with [org.springframework.security.web.session.DisableEncodeUrlFilter@1d137d6f, org.springframework.security.web.context.request.async.WebAsyncManagerIntegrationFilter@180b772a, org.springframework.security.web.context.SecurityContextHolderFilter@41a55622, org.springframework.security.web.header.HeaderWriterFilter@25d7326f, org.springframework.security.web.authentication.logout.LogoutFilter@55fa1ce3, com.ronbodnar.auth.security.filter.JwtAuthenticationFilter@5d0655cc, com.ronbodnar.auth.security.filter.BearerAuthenticationFilter@44fc2c9b, org.springframework.security.web.savedrequest.RequestCacheAwareFilter@479616fa, org.springframework.security.web.servletapi.SecurityContextHolderAwareRequestFilter@5b4e102d, org.springframework.security.web.authentication.AnonymousAuthenticationFilter@5d69a2aa, org.springframework.security.web.session.SessionManagementFilter@290994ef, org.springframework.security.web.access.ExceptionTranslationFilter@699de501, org.springframework.security.web.access.intercept.AuthorizationFilter@9485270]
2024-10-26T05:50:15.699-07:00  INFO 9684 --- [Authentication Service] [restartedMain] o.s.b.d.a.OptionalLiveReloadServer       : LiveReload server is running on port 35729
2024-10-26T05:50:15.705-07:00  INFO 9684 --- [Authentication Service] [restartedMain] o.s.b.w.embedded.tomcat.TomcatWebServer  : Tomcat started on port 8080 (http) with context path ''
2024-10-26T05:50:15.708-07:00  INFO 9684 --- [Authentication Service] [restartedMain] c.r.auth.UserAuthenticationApplication   : Started UserAuthenticationApplication in 0.486 seconds (process running for 4161.107)
2024-10-26T05:50:15.771-07:00  INFO 9684 --- [Authentication Service] [restartedMain] .ConditionEvaluationDeltaLoggingListener : Condition evaluation unchanged
2024-10-26T05:50:36.470-07:00  INFO 9684 --- [Authentication Service] [File Watcher] rtingClassPathChangeChangedEventListener : Restarting due to 1 class path change (0 additions, 0 deletions, 1 modification)
2024-10-26T05:50:36.474-07:00  INFO 9684 --- [Authentication Service] [Thread-351] j.LocalContainerEntityManagerFactoryBean : Closing JPA EntityManagerFactory for persistence unit 'default'
2024-10-26T05:50:36.474-07:00  WARN 9684 --- [Authentication Service] [Thread-351] o.s.b.f.support.DisposableBeanAdapter    : Invocation of destroy method failed on bean with name 'inMemoryDatabaseShutdownExecutor': org.h2.jdbc.JdbcSQLNonTransientConnectionException: Database is already closed (to disable automatic closing at VM shutdown, add ";DB_CLOSE_ON_EXIT=FALSE" to the db URL) [90121-224]
2024-10-26T05:50:36.475-07:00  INFO 9684 --- [Authentication Service] [Thread-351] com.zaxxer.hikari.HikariDataSource       : HikariPool-107 - Shutdown initiated...
2024-10-26T05:50:36.475-07:00  INFO 9684 --- [Authentication Service] [Thread-351] com.zaxxer.hikari.HikariDataSource       : HikariPool-107 - Shutdown completed.
2024-10-26T05:50:36.537-07:00  INFO 9684 --- [Authentication Service] [restartedMain] c.r.auth.UserAuthenticationApplication   : Starting UserAuthenticationApplication using Java 22 with PID 9684 (C:\Users\ronbo\Documents\Software Engineering\programming\java\spring-boot-authentication\target\classes started by ronbo in C:\Users\ronbo\Documents\Software Engineering\programming\java\spring-boot-authentication)
2024-10-26T05:50:36.537-07:00  INFO 9684 --- [Authentication Service] [restartedMain] c.r.auth.UserAuthenticationApplication   : No active profile set, falling back to 1 default profile: "default"
2024-10-26T05:50:36.638-07:00  INFO 9684 --- [Authentication Service] [restartedMain] .s.d.r.c.RepositoryConfigurationDelegate : Bootstrapping Spring Data JPA repositories in DEFAULT mode.
2024-10-26T05:50:36.644-07:00  INFO 9684 --- [Authentication Service] [restartedMain] .s.d.r.c.RepositoryConfigurationDelegate : Finished Spring Data repository scanning in 5 ms. Found 1 JPA repository interface.
2024-10-26T05:50:36.696-07:00  INFO 9684 --- [Authentication Service] [restartedMain] o.s.b.w.embedded.tomcat.TomcatWebServer  : Tomcat initialized with port 8080 (http)
2024-10-26T05:50:36.697-07:00  INFO 9684 --- [Authentication Service] [restartedMain] o.apache.catalina.core.StandardService   : Starting service [Tomcat]
2024-10-26T05:50:36.697-07:00  INFO 9684 --- [Authentication Service] [restartedMain] o.apache.catalina.core.StandardEngine    : Starting Servlet engine: [Apache Tomcat/10.1.18]
2024-10-26T05:50:36.711-07:00  INFO 9684 --- [Authentication Service] [restartedMain] o.a.c.c.C.[Tomcat-94].[localhost].[/]    : Initializing Spring embedded WebApplicationContext
2024-10-26T05:50:36.711-07:00  INFO 9684 --- [Authentication Service] [restartedMain] w.s.c.ServletWebServerApplicationContext : Root WebApplicationContext: initialization completed in 173 ms
2024-10-26T05:50:36.718-07:00  INFO 9684 --- [Authentication Service] [restartedMain] com.zaxxer.hikari.HikariDataSource       : HikariPool-108 - Starting...
2024-10-26T05:50:36.720-07:00  INFO 9684 --- [Authentication Service] [restartedMain] com.zaxxer.hikari.pool.HikariPool        : HikariPool-108 - Added connection conn226: url=jdbc:h2:mem:testdb user=ROOT
2024-10-26T05:50:36.720-07:00  INFO 9684 --- [Authentication Service] [restartedMain] com.zaxxer.hikari.HikariDataSource       : HikariPool-108 - Start completed.
2024-10-26T05:50:36.720-07:00  INFO 9684 --- [Authentication Service] [restartedMain] o.s.b.a.h2.H2ConsoleAutoConfiguration    : H2 console available at '/h2-console'. Database available at 'jdbc:h2:mem:testdb'
2024-10-26T05:50:36.735-07:00  INFO 9684 --- [Authentication Service] [restartedMain] o.hibernate.jpa.internal.util.LogHelper  : HHH000204: Processing PersistenceUnitInfo [name: default]
2024-10-26T05:50:36.736-07:00  INFO 9684 --- [Authentication Service] [restartedMain] o.h.c.internal.RegionFactoryInitiator    : HHH000026: Second-level cache disabled
2024-10-26T05:50:36.739-07:00  INFO 9684 --- [Authentication Service] [restartedMain] o.s.o.j.p.SpringPersistenceUnitInfo      : No LoadTimeWeaver setup: ignoring JPA class transformer
2024-10-26T05:50:36.739-07:00  WARN 9684 --- [Authentication Service] [restartedMain] org.hibernate.orm.deprecation            : HHH90000025: H2Dialect does not need to be specified explicitly using 'hibernate.dialect' (remove the property setting and it will be selected by default)
2024-10-26T05:50:36.777-07:00  INFO 9684 --- [Authentication Service] [restartedMain] o.h.e.t.j.p.i.JtaPlatformInitiator       : HHH000489: No JTA platform available (set 'hibernate.transaction.jta.platform' to enable JTA platform integration)
2024-10-26T05:50:36.781-07:00  INFO 9684 --- [Authentication Service] [restartedMain] j.LocalContainerEntityManagerFactoryBean : Initialized JPA EntityManagerFactory for persistence unit 'default'
2024-10-26T05:50:36.835-07:00  WARN 9684 --- [Authentication Service] [restartedMain] JpaBaseConfiguration$JpaWebConfiguration : spring.jpa.open-in-view is enabled by default. Therefore, database queries may be performed during view rendering. Explicitly configure spring.jpa.open-in-view to disable this warning
2024-10-26T05:50:36.872-07:00  INFO 9684 --- [Authentication Service] [restartedMain] o.s.s.web.DefaultSecurityFilterChain     : Will secure any request with [org.springframework.security.web.session.DisableEncodeUrlFilter@2310f020, org.springframework.security.web.context.request.async.WebAsyncManagerIntegrationFilter@6d3f4b4b, org.springframework.security.web.context.SecurityContextHolderFilter@6a775f60, org.springframework.security.web.header.HeaderWriterFilter@58d94b18, org.springframework.security.web.authentication.logout.LogoutFilter@51d3e657, com.ronbodnar.auth.security.filter.JwtAuthenticationFilter@28d19eb6, com.ronbodnar.auth.security.filter.BearerAuthenticationFilter@2969b4d5, org.springframework.security.web.savedrequest.RequestCacheAwareFilter@535b78ef, org.springframework.security.web.servletapi.SecurityContextHolderAwareRequestFilter@41487817, org.springframework.security.web.authentication.AnonymousAuthenticationFilter@f9e750e, org.springframework.security.web.session.SessionManagementFilter@5752faa5, org.springframework.security.web.access.ExceptionTranslationFilter@4f6edf6e, org.springframework.security.web.access.intercept.AuthorizationFilter@5bcd236d]
2024-10-26T05:50:36.901-07:00  INFO 9684 --- [Authentication Service] [restartedMain] o.s.b.d.a.OptionalLiveReloadServer       : LiveReload server is running on port 35729
2024-10-26T05:50:36.907-07:00  INFO 9684 --- [Authentication Service] [restartedMain] o.s.b.w.embedded.tomcat.TomcatWebServer  : Tomcat started on port 8080 (http) with context path ''
2024-10-26T05:50:36.910-07:00  INFO 9684 --- [Authentication Service] [restartedMain] c.r.auth.UserAuthenticationApplication   : Started UserAuthenticationApplication in 0.388 seconds (process running for 4182.309)
2024-10-26T05:50:36.973-07:00  INFO 9684 --- [Authentication Service] [restartedMain] .ConditionEvaluationDeltaLoggingListener : Condition evaluation unchanged
2024-10-26T05:50:52.611-07:00  INFO 9684 --- [Authentication Service] [File Watcher] rtingClassPathChangeChangedEventListener : Restarting due to 1 class path change (0 additions, 0 deletions, 1 modification)
2024-10-26T05:50:52.615-07:00  INFO 9684 --- [Authentication Service] [Thread-355] j.LocalContainerEntityManagerFactoryBean : Closing JPA EntityManagerFactory for persistence unit 'default'
2024-10-26T05:50:52.616-07:00  WARN 9684 --- [Authentication Service] [Thread-355] o.s.b.f.support.DisposableBeanAdapter    : Invocation of destroy method failed on bean with name 'inMemoryDatabaseShutdownExecutor': org.h2.jdbc.JdbcSQLNonTransientConnectionException: Database is already closed (to disable automatic closing at VM shutdown, add ";DB_CLOSE_ON_EXIT=FALSE" to the db URL) [90121-224]
2024-10-26T05:50:52.616-07:00  INFO 9684 --- [Authentication Service] [Thread-355] com.zaxxer.hikari.HikariDataSource       : HikariPool-108 - Shutdown initiated...
2024-10-26T05:50:52.617-07:00  INFO 9684 --- [Authentication Service] [Thread-355] com.zaxxer.hikari.HikariDataSource       : HikariPool-108 - Shutdown completed.
2024-10-26T05:50:52.687-07:00  INFO 9684 --- [Authentication Service] [restartedMain] c.r.auth.UserAuthenticationApplication   : Starting UserAuthenticationApplication using Java 22 with PID 9684 (C:\Users\ronbo\Documents\Software Engineering\programming\java\spring-boot-authentication\target\classes started by ronbo in C:\Users\ronbo\Documents\Software Engineering\programming\java\spring-boot-authentication)
2024-10-26T05:50:52.687-07:00  INFO 9684 --- [Authentication Service] [restartedMain] c.r.auth.UserAuthenticationApplication   : No active profile set, falling back to 1 default profile: "default"
2024-10-26T05:50:52.790-07:00  INFO 9684 --- [Authentication Service] [restartedMain] .s.d.r.c.RepositoryConfigurationDelegate : Bootstrapping Spring Data JPA repositories in DEFAULT mode.
2024-10-26T05:50:52.796-07:00  INFO 9684 --- [Authentication Service] [restartedMain] .s.d.r.c.RepositoryConfigurationDelegate : Finished Spring Data repository scanning in 5 ms. Found 1 JPA repository interface.
2024-10-26T05:50:52.851-07:00  INFO 9684 --- [Authentication Service] [restartedMain] o.s.b.w.embedded.tomcat.TomcatWebServer  : Tomcat initialized with port 8080 (http)
2024-10-26T05:50:52.851-07:00  INFO 9684 --- [Authentication Service] [restartedMain] o.apache.catalina.core.StandardService   : Starting service [Tomcat]
2024-10-26T05:50:52.852-07:00  INFO 9684 --- [Authentication Service] [restartedMain] o.apache.catalina.core.StandardEngine    : Starting Servlet engine: [Apache Tomcat/10.1.18]
2024-10-26T05:50:52.861-07:00  INFO 9684 --- [Authentication Service] [restartedMain] o.a.c.c.C.[Tomcat-94].[localhost].[/]    : Initializing Spring embedded WebApplicationContext
2024-10-26T05:50:52.861-07:00  INFO 9684 --- [Authentication Service] [restartedMain] w.s.c.ServletWebServerApplicationContext : Root WebApplicationContext: initialization completed in 173 ms
2024-10-26T05:50:52.869-07:00  INFO 9684 --- [Authentication Service] [restartedMain] com.zaxxer.hikari.HikariDataSource       : HikariPool-109 - Starting...
2024-10-26T05:50:52.871-07:00  INFO 9684 --- [Authentication Service] [restartedMain] com.zaxxer.hikari.pool.HikariPool        : HikariPool-109 - Added connection conn236: url=jdbc:h2:mem:testdb user=ROOT
2024-10-26T05:50:52.871-07:00  INFO 9684 --- [Authentication Service] [restartedMain] com.zaxxer.hikari.HikariDataSource       : HikariPool-109 - Start completed.
2024-10-26T05:50:52.871-07:00  INFO 9684 --- [Authentication Service] [restartedMain] o.s.b.a.h2.H2ConsoleAutoConfiguration    : H2 console available at '/h2-console'. Database available at 'jdbc:h2:mem:testdb'
2024-10-26T05:50:52.885-07:00  INFO 9684 --- [Authentication Service] [restartedMain] o.hibernate.jpa.internal.util.LogHelper  : HHH000204: Processing PersistenceUnitInfo [name: default]
2024-10-26T05:50:52.886-07:00  INFO 9684 --- [Authentication Service] [restartedMain] o.h.c.internal.RegionFactoryInitiator    : HHH000026: Second-level cache disabled
2024-10-26T05:50:52.888-07:00  INFO 9684 --- [Authentication Service] [restartedMain] o.s.o.j.p.SpringPersistenceUnitInfo      : No LoadTimeWeaver setup: ignoring JPA class transformer
2024-10-26T05:50:52.889-07:00  WARN 9684 --- [Authentication Service] [restartedMain] org.hibernate.orm.deprecation            : HHH90000025: H2Dialect does not need to be specified explicitly using 'hibernate.dialect' (remove the property setting and it will be selected by default)
2024-10-26T05:50:52.933-07:00  INFO 9684 --- [Authentication Service] [restartedMain] o.h.e.t.j.p.i.JtaPlatformInitiator       : HHH000489: No JTA platform available (set 'hibernate.transaction.jta.platform' to enable JTA platform integration)
2024-10-26T05:50:52.938-07:00  INFO 9684 --- [Authentication Service] [restartedMain] j.LocalContainerEntityManagerFactoryBean : Initialized JPA EntityManagerFactory for persistence unit 'default'
2024-10-26T05:50:52.990-07:00  WARN 9684 --- [Authentication Service] [restartedMain] JpaBaseConfiguration$JpaWebConfiguration : spring.jpa.open-in-view is enabled by default. Therefore, database queries may be performed during view rendering. Explicitly configure spring.jpa.open-in-view to disable this warning
2024-10-26T05:50:53.022-07:00  INFO 9684 --- [Authentication Service] [restartedMain] o.s.s.web.DefaultSecurityFilterChain     : Will secure any request with [org.springframework.security.web.session.DisableEncodeUrlFilter@4c858f09, org.springframework.security.web.context.request.async.WebAsyncManagerIntegrationFilter@6c4495c9, org.springframework.security.web.context.SecurityContextHolderFilter@469fe387, org.springframework.security.web.header.HeaderWriterFilter@5f48585c, org.springframework.security.web.authentication.logout.LogoutFilter@23706222, com.ronbodnar.auth.security.filter.JwtAuthenticationFilter@536201, com.ronbodnar.auth.security.filter.BearerAuthenticationFilter@6adefcc9, org.springframework.security.web.savedrequest.RequestCacheAwareFilter@19fc7671, org.springframework.security.web.servletapi.SecurityContextHolderAwareRequestFilter@46b57aa, org.springframework.security.web.authentication.AnonymousAuthenticationFilter@1bc8bc4d, org.springframework.security.web.session.SessionManagementFilter@34f55941, org.springframework.security.web.access.ExceptionTranslationFilter@7fb40104, org.springframework.security.web.access.intercept.AuthorizationFilter@74d0d46]
2024-10-26T05:50:53.049-07:00  INFO 9684 --- [Authentication Service] [restartedMain] o.s.b.d.a.OptionalLiveReloadServer       : LiveReload server is running on port 35729
2024-10-26T05:50:53.054-07:00  INFO 9684 --- [Authentication Service] [restartedMain] o.s.b.w.embedded.tomcat.TomcatWebServer  : Tomcat started on port 8080 (http) with context path ''
2024-10-26T05:50:53.056-07:00  INFO 9684 --- [Authentication Service] [restartedMain] c.r.auth.UserAuthenticationApplication   : Started UserAuthenticationApplication in 0.388 seconds (process running for 4198.454)
2024-10-26T05:50:53.121-07:00  INFO 9684 --- [Authentication Service] [restartedMain] .ConditionEvaluationDeltaLoggingListener : Condition evaluation unchanged
2024-10-26T05:51:19.926-07:00  INFO 9684 --- [Authentication Service] [File Watcher] rtingClassPathChangeChangedEventListener : Restarting due to 1 class path change (0 additions, 0 deletions, 1 modification)
2024-10-26T05:51:19.929-07:00  INFO 9684 --- [Authentication Service] [Thread-359] j.LocalContainerEntityManagerFactoryBean : Closing JPA EntityManagerFactory for persistence unit 'default'
2024-10-26T05:51:19.929-07:00  WARN 9684 --- [Authentication Service] [Thread-359] o.s.b.f.support.DisposableBeanAdapter    : Invocation of destroy method failed on bean with name 'inMemoryDatabaseShutdownExecutor': org.h2.jdbc.JdbcSQLNonTransientConnectionException: Database is already closed (to disable automatic closing at VM shutdown, add ";DB_CLOSE_ON_EXIT=FALSE" to the db URL) [90121-224]
2024-10-26T05:51:19.930-07:00  INFO 9684 --- [Authentication Service] [Thread-359] com.zaxxer.hikari.HikariDataSource       : HikariPool-109 - Shutdown initiated...
2024-10-26T05:51:19.930-07:00  INFO 9684 --- [Authentication Service] [Thread-359] com.zaxxer.hikari.HikariDataSource       : HikariPool-109 - Shutdown completed.
2024-10-26T05:51:19.990-07:00  INFO 9684 --- [Authentication Service] [restartedMain] c.r.auth.UserAuthenticationApplication   : Starting UserAuthenticationApplication using Java 22 with PID 9684 (C:\Users\ronbo\Documents\Software Engineering\programming\java\spring-boot-authentication\target\classes started by ronbo in C:\Users\ronbo\Documents\Software Engineering\programming\java\spring-boot-authentication)
2024-10-26T05:51:19.990-07:00  INFO 9684 --- [Authentication Service] [restartedMain] c.r.auth.UserAuthenticationApplication   : No active profile set, falling back to 1 default profile: "default"
2024-10-26T05:51:20.094-07:00  INFO 9684 --- [Authentication Service] [restartedMain] .s.d.r.c.RepositoryConfigurationDelegate : Bootstrapping Spring Data JPA repositories in DEFAULT mode.
2024-10-26T05:51:20.100-07:00  INFO 9684 --- [Authentication Service] [restartedMain] .s.d.r.c.RepositoryConfigurationDelegate : Finished Spring Data repository scanning in 5 ms. Found 1 JPA repository interface.
2024-10-26T05:51:20.154-07:00  INFO 9684 --- [Authentication Service] [restartedMain] o.s.b.w.embedded.tomcat.TomcatWebServer  : Tomcat initialized with port 8080 (http)
2024-10-26T05:51:20.154-07:00  INFO 9684 --- [Authentication Service] [restartedMain] o.apache.catalina.core.StandardService   : Starting service [Tomcat]
2024-10-26T05:51:20.154-07:00  INFO 9684 --- [Authentication Service] [restartedMain] o.apache.catalina.core.StandardEngine    : Starting Servlet engine: [Apache Tomcat/10.1.18]
2024-10-26T05:51:20.166-07:00  INFO 9684 --- [Authentication Service] [restartedMain] o.a.c.c.C.[Tomcat-94].[localhost].[/]    : Initializing Spring embedded WebApplicationContext
2024-10-26T05:51:20.166-07:00  INFO 9684 --- [Authentication Service] [restartedMain] w.s.c.ServletWebServerApplicationContext : Root WebApplicationContext: initialization completed in 175 ms
2024-10-26T05:51:20.173-07:00  INFO 9684 --- [Authentication Service] [restartedMain] com.zaxxer.hikari.HikariDataSource       : HikariPool-110 - Starting...
2024-10-26T05:51:20.175-07:00  INFO 9684 --- [Authentication Service] [restartedMain] com.zaxxer.hikari.pool.HikariPool        : HikariPool-110 - Added connection conn246: url=jdbc:h2:mem:testdb user=ROOT
2024-10-26T05:51:20.176-07:00  INFO 9684 --- [Authentication Service] [restartedMain] com.zaxxer.hikari.HikariDataSource       : HikariPool-110 - Start completed.
2024-10-26T05:51:20.176-07:00  INFO 9684 --- [Authentication Service] [restartedMain] o.s.b.a.h2.H2ConsoleAutoConfiguration    : H2 console available at '/h2-console'. Database available at 'jdbc:h2:mem:testdb'
2024-10-26T05:51:20.190-07:00  INFO 9684 --- [Authentication Service] [restartedMain] o.hibernate.jpa.internal.util.LogHelper  : HHH000204: Processing PersistenceUnitInfo [name: default]
2024-10-26T05:51:20.192-07:00  INFO 9684 --- [Authentication Service] [restartedMain] o.h.c.internal.RegionFactoryInitiator    : HHH000026: Second-level cache disabled
2024-10-26T05:51:20.195-07:00  INFO 9684 --- [Authentication Service] [restartedMain] o.s.o.j.p.SpringPersistenceUnitInfo      : No LoadTimeWeaver setup: ignoring JPA class transformer
2024-10-26T05:51:20.196-07:00  WARN 9684 --- [Authentication Service] [restartedMain] org.hibernate.orm.deprecation            : HHH90000025: H2Dialect does not need to be specified explicitly using 'hibernate.dialect' (remove the property setting and it will be selected by default)
2024-10-26T05:51:20.226-07:00  INFO 9684 --- [Authentication Service] [restartedMain] o.h.e.t.j.p.i.JtaPlatformInitiator       : HHH000489: No JTA platform available (set 'hibernate.transaction.jta.platform' to enable JTA platform integration)
2024-10-26T05:51:20.230-07:00  INFO 9684 --- [Authentication Service] [restartedMain] j.LocalContainerEntityManagerFactoryBean : Initialized JPA EntityManagerFactory for persistence unit 'default'
2024-10-26T05:51:20.290-07:00  WARN 9684 --- [Authentication Service] [restartedMain] JpaBaseConfiguration$JpaWebConfiguration : spring.jpa.open-in-view is enabled by default. Therefore, database queries may be performed during view rendering. Explicitly configure spring.jpa.open-in-view to disable this warning
2024-10-26T05:51:20.325-07:00  INFO 9684 --- [Authentication Service] [restartedMain] o.s.s.web.DefaultSecurityFilterChain     : Will secure any request with [org.springframework.security.web.session.DisableEncodeUrlFilter@607f6c03, org.springframework.security.web.context.request.async.WebAsyncManagerIntegrationFilter@49ca0ceb, org.springframework.security.web.context.SecurityContextHolderFilter@341457c6, org.springframework.security.web.header.HeaderWriterFilter@4cfafb8d, org.springframework.security.web.authentication.logout.LogoutFilter@4f5cd807, com.ronbodnar.auth.security.filter.JwtAuthenticationFilter@70641a5f, com.ronbodnar.auth.security.filter.BearerAuthenticationFilter@3ee9dbb, org.springframework.security.web.savedrequest.RequestCacheAwareFilter@d241949, org.springframework.security.web.servletapi.SecurityContextHolderAwareRequestFilter@1619adf3, org.springframework.security.web.authentication.AnonymousAuthenticationFilter@50bba3f8, org.springframework.security.web.session.SessionManagementFilter@34cf7f3d, org.springframework.security.web.access.ExceptionTranslationFilter@731dc, org.springframework.security.web.access.intercept.AuthorizationFilter@39322161]
2024-10-26T05:51:20.352-07:00  INFO 9684 --- [Authentication Service] [restartedMain] o.s.b.d.a.OptionalLiveReloadServer       : LiveReload server is running on port 35729
2024-10-26T05:51:20.357-07:00  INFO 9684 --- [Authentication Service] [restartedMain] o.s.b.w.embedded.tomcat.TomcatWebServer  : Tomcat started on port 8080 (http) with context path ''
2024-10-26T05:51:20.359-07:00  INFO 9684 --- [Authentication Service] [restartedMain] c.r.auth.UserAuthenticationApplication   : Started UserAuthenticationApplication in 0.384 seconds (process running for 4225.757)
2024-10-26T05:51:20.425-07:00  INFO 9684 --- [Authentication Service] [restartedMain] .ConditionEvaluationDeltaLoggingListener : Condition evaluation unchanged
2024-10-26T05:53:06.806-07:00  INFO 9684 --- [Authentication Service] [File Watcher] rtingClassPathChangeChangedEventListener : Restarting due to 1 class path change (0 additions, 0 deletions, 1 modification)
2024-10-26T05:53:06.810-07:00  INFO 9684 --- [Authentication Service] [Thread-363] j.LocalContainerEntityManagerFactoryBean : Closing JPA EntityManagerFactory for persistence unit 'default'
2024-10-26T05:53:06.811-07:00  WARN 9684 --- [Authentication Service] [Thread-363] o.s.b.f.support.DisposableBeanAdapter    : Invocation of destroy method failed on bean with name 'inMemoryDatabaseShutdownExecutor': org.h2.jdbc.JdbcSQLNonTransientConnectionException: Database is already closed (to disable automatic closing at VM shutdown, add ";DB_CLOSE_ON_EXIT=FALSE" to the db URL) [90121-224]
2024-10-26T05:53:06.812-07:00  INFO 9684 --- [Authentication Service] [Thread-363] com.zaxxer.hikari.HikariDataSource       : HikariPool-110 - Shutdown initiated...
2024-10-26T05:53:06.813-07:00  INFO 9684 --- [Authentication Service] [Thread-363] com.zaxxer.hikari.HikariDataSource       : HikariPool-110 - Shutdown completed.
2024-10-26T05:53:06.887-07:00  INFO 9684 --- [Authentication Service] [restartedMain] c.r.auth.UserAuthenticationApplication   : Starting UserAuthenticationApplication using Java 22 with PID 9684 (C:\Users\ronbo\Documents\Software Engineering\programming\java\spring-boot-authentication\target\classes started by ronbo in C:\Users\ronbo\Documents\Software Engineering\programming\java\spring-boot-authentication)
2024-10-26T05:53:06.888-07:00  INFO 9684 --- [Authentication Service] [restartedMain] c.r.auth.UserAuthenticationApplication   : No active profile set, falling back to 1 default profile: "default"
2024-10-26T05:53:07.017-07:00  INFO 9684 --- [Authentication Service] [restartedMain] .s.d.r.c.RepositoryConfigurationDelegate : Bootstrapping Spring Data JPA repositories in DEFAULT mode.
2024-10-26T05:53:07.023-07:00  INFO 9684 --- [Authentication Service] [restartedMain] .s.d.r.c.RepositoryConfigurationDelegate : Finished Spring Data repository scanning in 6 ms. Found 1 JPA repository interface.
2024-10-26T05:53:07.087-07:00  INFO 9684 --- [Authentication Service] [restartedMain] o.s.b.w.embedded.tomcat.TomcatWebServer  : Tomcat initialized with port 8080 (http)
2024-10-26T05:53:07.088-07:00  INFO 9684 --- [Authentication Service] [restartedMain] o.apache.catalina.core.StandardService   : Starting service [Tomcat]
2024-10-26T05:53:07.088-07:00  INFO 9684 --- [Authentication Service] [restartedMain] o.apache.catalina.core.StandardEngine    : Starting Servlet engine: [Apache Tomcat/10.1.18]
2024-10-26T05:53:07.098-07:00  INFO 9684 --- [Authentication Service] [restartedMain] o.a.c.c.C.[Tomcat-94].[localhost].[/]    : Initializing Spring embedded WebApplicationContext
2024-10-26T05:53:07.098-07:00  INFO 9684 --- [Authentication Service] [restartedMain] w.s.c.ServletWebServerApplicationContext : Root WebApplicationContext: initialization completed in 208 ms
2024-10-26T05:53:07.107-07:00  INFO 9684 --- [Authentication Service] [restartedMain] com.zaxxer.hikari.HikariDataSource       : HikariPool-111 - Starting...
2024-10-26T05:53:07.110-07:00  INFO 9684 --- [Authentication Service] [restartedMain] com.zaxxer.hikari.pool.HikariPool        : HikariPool-111 - Added connection conn256: url=jdbc:h2:mem:testdb user=ROOT
2024-10-26T05:53:07.110-07:00  INFO 9684 --- [Authentication Service] [restartedMain] com.zaxxer.hikari.HikariDataSource       : HikariPool-111 - Start completed.
2024-10-26T05:53:07.110-07:00  INFO 9684 --- [Authentication Service] [restartedMain] o.s.b.a.h2.H2ConsoleAutoConfiguration    : H2 console available at '/h2-console'. Database available at 'jdbc:h2:mem:testdb'
2024-10-26T05:53:07.128-07:00  INFO 9684 --- [Authentication Service] [restartedMain] o.hibernate.jpa.internal.util.LogHelper  : HHH000204: Processing PersistenceUnitInfo [name: default]
2024-10-26T05:53:07.131-07:00  INFO 9684 --- [Authentication Service] [restartedMain] o.h.c.internal.RegionFactoryInitiator    : HHH000026: Second-level cache disabled
2024-10-26T05:53:07.133-07:00  INFO 9684 --- [Authentication Service] [restartedMain] o.s.o.j.p.SpringPersistenceUnitInfo      : No LoadTimeWeaver setup: ignoring JPA class transformer
2024-10-26T05:53:07.134-07:00  WARN 9684 --- [Authentication Service] [restartedMain] org.hibernate.orm.deprecation            : HHH90000025: H2Dialect does not need to be specified explicitly using 'hibernate.dialect' (remove the property setting and it will be selected by default)
2024-10-26T05:53:07.170-07:00  INFO 9684 --- [Authentication Service] [restartedMain] o.h.e.t.j.p.i.JtaPlatformInitiator       : HHH000489: No JTA platform available (set 'hibernate.transaction.jta.platform' to enable JTA platform integration)
2024-10-26T05:53:07.175-07:00  INFO 9684 --- [Authentication Service] [restartedMain] j.LocalContainerEntityManagerFactoryBean : Initialized JPA EntityManagerFactory for persistence unit 'default'
2024-10-26T05:53:07.248-07:00  WARN 9684 --- [Authentication Service] [restartedMain] JpaBaseConfiguration$JpaWebConfiguration : spring.jpa.open-in-view is enabled by default. Therefore, database queries may be performed during view rendering. Explicitly configure spring.jpa.open-in-view to disable this warning
2024-10-26T05:53:07.289-07:00  INFO 9684 --- [Authentication Service] [restartedMain] o.s.s.web.DefaultSecurityFilterChain     : Will secure any request with [org.springframework.security.web.session.DisableEncodeUrlFilter@21dda50a, org.springframework.security.web.context.request.async.WebAsyncManagerIntegrationFilter@29792d05, org.springframework.security.web.context.SecurityContextHolderFilter@d81dbe8, org.springframework.security.web.header.HeaderWriterFilter@29eb58e1, org.springframework.security.web.authentication.logout.LogoutFilter@4ca89084, com.ronbodnar.auth.security.filter.JwtAuthenticationFilter@4cd6ba3e, com.ronbodnar.auth.security.filter.BearerAuthenticationFilter@732ebf96, org.springframework.security.web.savedrequest.RequestCacheAwareFilter@37c58656, org.springframework.security.web.servletapi.SecurityContextHolderAwareRequestFilter@441aec1f, org.springframework.security.web.authentication.AnonymousAuthenticationFilter@5c8b6f9b, org.springframework.security.web.session.SessionManagementFilter@3b460459, org.springframework.security.web.access.ExceptionTranslationFilter@64ebc2ac, org.springframework.security.web.access.intercept.AuthorizationFilter@442d2c82]
2024-10-26T05:53:07.324-07:00  INFO 9684 --- [Authentication Service] [restartedMain] o.s.b.d.a.OptionalLiveReloadServer       : LiveReload server is running on port 35729
2024-10-26T05:53:07.331-07:00  INFO 9684 --- [Authentication Service] [restartedMain] o.s.b.w.embedded.tomcat.TomcatWebServer  : Tomcat started on port 8080 (http) with context path ''
2024-10-26T05:53:07.333-07:00  INFO 9684 --- [Authentication Service] [restartedMain] c.r.auth.UserAuthenticationApplication   : Started UserAuthenticationApplication in 0.465 seconds (process running for 4332.732)
2024-10-26T05:53:07.397-07:00  INFO 9684 --- [Authentication Service] [restartedMain] .ConditionEvaluationDeltaLoggingListener : Condition evaluation unchanged
2024-10-26T05:54:53.938-07:00  INFO 9684 --- [Authentication Service] [File Watcher] rtingClassPathChangeChangedEventListener : Restarting due to 1 class path change (0 additions, 0 deletions, 1 modification)
2024-10-26T05:54:53.942-07:00  INFO 9684 --- [Authentication Service] [Thread-367] j.LocalContainerEntityManagerFactoryBean : Closing JPA EntityManagerFactory for persistence unit 'default'
2024-10-26T05:54:53.943-07:00  WARN 9684 --- [Authentication Service] [Thread-367] o.s.b.f.support.DisposableBeanAdapter    : Invocation of destroy method failed on bean with name 'inMemoryDatabaseShutdownExecutor': org.h2.jdbc.JdbcSQLNonTransientConnectionException: Database is already closed (to disable automatic closing at VM shutdown, add ";DB_CLOSE_ON_EXIT=FALSE" to the db URL) [90121-224]
2024-10-26T05:54:53.943-07:00  INFO 9684 --- [Authentication Service] [Thread-367] com.zaxxer.hikari.HikariDataSource       : HikariPool-111 - Shutdown initiated...
2024-10-26T05:54:53.944-07:00  INFO 9684 --- [Authentication Service] [Thread-367] com.zaxxer.hikari.HikariDataSource       : HikariPool-111 - Shutdown completed.
2024-10-26T05:54:54.009-07:00  INFO 9684 --- [Authentication Service] [restartedMain] c.r.auth.UserAuthenticationApplication   : Starting UserAuthenticationApplication using Java 22 with PID 9684 (C:\Users\ronbo\Documents\Software Engineering\programming\java\spring-boot-authentication\target\classes started by ronbo in C:\Users\ronbo\Documents\Software Engineering\programming\java\spring-boot-authentication)
2024-10-26T05:54:54.009-07:00  INFO 9684 --- [Authentication Service] [restartedMain] c.r.auth.UserAuthenticationApplication   : No active profile set, falling back to 1 default profile: "default"
2024-10-26T05:54:54.120-07:00  INFO 9684 --- [Authentication Service] [restartedMain] .s.d.r.c.RepositoryConfigurationDelegate : Bootstrapping Spring Data JPA repositories in DEFAULT mode.
2024-10-26T05:54:54.127-07:00  INFO 9684 --- [Authentication Service] [restartedMain] .s.d.r.c.RepositoryConfigurationDelegate : Finished Spring Data repository scanning in 6 ms. Found 1 JPA repository interface.
2024-10-26T05:54:54.191-07:00  INFO 9684 --- [Authentication Service] [restartedMain] o.s.b.w.embedded.tomcat.TomcatWebServer  : Tomcat initialized with port 8080 (http)
2024-10-26T05:54:54.193-07:00  INFO 9684 --- [Authentication Service] [restartedMain] o.apache.catalina.core.StandardService   : Starting service [Tomcat]
2024-10-26T05:54:54.193-07:00  INFO 9684 --- [Authentication Service] [restartedMain] o.apache.catalina.core.StandardEngine    : Starting Servlet engine: [Apache Tomcat/10.1.18]
2024-10-26T05:54:54.202-07:00  INFO 9684 --- [Authentication Service] [restartedMain] o.a.c.c.C.[Tomcat-94].[localhost].[/]    : Initializing Spring embedded WebApplicationContext
2024-10-26T05:54:54.203-07:00  INFO 9684 --- [Authentication Service] [restartedMain] w.s.c.ServletWebServerApplicationContext : Root WebApplicationContext: initialization completed in 192 ms
2024-10-26T05:54:54.212-07:00  INFO 9684 --- [Authentication Service] [restartedMain] com.zaxxer.hikari.HikariDataSource       : HikariPool-112 - Starting...
2024-10-26T05:54:54.213-07:00  INFO 9684 --- [Authentication Service] [restartedMain] com.zaxxer.hikari.pool.HikariPool        : HikariPool-112 - Added connection conn266: url=jdbc:h2:mem:testdb user=ROOT
2024-10-26T05:54:54.214-07:00  INFO 9684 --- [Authentication Service] [restartedMain] com.zaxxer.hikari.HikariDataSource       : HikariPool-112 - Start completed.
2024-10-26T05:54:54.214-07:00  INFO 9684 --- [Authentication Service] [restartedMain] o.s.b.a.h2.H2ConsoleAutoConfiguration    : H2 console available at '/h2-console'. Database available at 'jdbc:h2:mem:testdb'
2024-10-26T05:54:54.234-07:00  INFO 9684 --- [Authentication Service] [restartedMain] o.hibernate.jpa.internal.util.LogHelper  : HHH000204: Processing PersistenceUnitInfo [name: default]
2024-10-26T05:54:54.236-07:00  INFO 9684 --- [Authentication Service] [restartedMain] o.h.c.internal.RegionFactoryInitiator    : HHH000026: Second-level cache disabled
2024-10-26T05:54:54.239-07:00  INFO 9684 --- [Authentication Service] [restartedMain] o.s.o.j.p.SpringPersistenceUnitInfo      : No LoadTimeWeaver setup: ignoring JPA class transformer
2024-10-26T05:54:54.240-07:00  WARN 9684 --- [Authentication Service] [restartedMain] org.hibernate.orm.deprecation            : HHH90000025: H2Dialect does not need to be specified explicitly using 'hibernate.dialect' (remove the property setting and it will be selected by default)
2024-10-26T05:54:54.265-07:00  INFO 9684 --- [Authentication Service] [restartedMain] o.h.e.t.j.p.i.JtaPlatformInitiator       : HHH000489: No JTA platform available (set 'hibernate.transaction.jta.platform' to enable JTA platform integration)
2024-10-26T05:54:54.269-07:00  INFO 9684 --- [Authentication Service] [restartedMain] j.LocalContainerEntityManagerFactoryBean : Initialized JPA EntityManagerFactory for persistence unit 'default'
2024-10-26T05:54:54.336-07:00  WARN 9684 --- [Authentication Service] [restartedMain] JpaBaseConfiguration$JpaWebConfiguration : spring.jpa.open-in-view is enabled by default. Therefore, database queries may be performed during view rendering. Explicitly configure spring.jpa.open-in-view to disable this warning
2024-10-26T05:54:54.377-07:00  INFO 9684 --- [Authentication Service] [restartedMain] o.s.s.web.DefaultSecurityFilterChain     : Will secure any request with [org.springframework.security.web.session.DisableEncodeUrlFilter@1766530e, org.springframework.security.web.context.request.async.WebAsyncManagerIntegrationFilter@1f06fa82, org.springframework.security.web.context.SecurityContextHolderFilter@1f11bb54, org.springframework.security.web.header.HeaderWriterFilter@624eda9e, org.springframework.security.web.authentication.logout.LogoutFilter@22354bb3, com.ronbodnar.auth.security.filter.JwtAuthenticationFilter@3894b7e2, com.ronbodnar.auth.security.filter.BearerAuthenticationFilter@5d9fa4e3, org.springframework.security.web.savedrequest.RequestCacheAwareFilter@6e63e8c5, org.springframework.security.web.servletapi.SecurityContextHolderAwareRequestFilter@7aed45bd, org.springframework.security.web.authentication.AnonymousAuthenticationFilter@416ee5a8, org.springframework.security.web.session.SessionManagementFilter@316f649d, org.springframework.security.web.access.ExceptionTranslationFilter@71ed3a0, org.springframework.security.web.access.intercept.AuthorizationFilter@43b1dd9c]
2024-10-26T05:54:54.418-07:00  INFO 9684 --- [Authentication Service] [restartedMain] o.s.b.d.a.OptionalLiveReloadServer       : LiveReload server is running on port 35729
2024-10-26T05:54:54.424-07:00  INFO 9684 --- [Authentication Service] [restartedMain] o.s.b.w.embedded.tomcat.TomcatWebServer  : Tomcat started on port 8080 (http) with context path ''
2024-10-26T05:54:54.426-07:00  INFO 9684 --- [Authentication Service] [restartedMain] c.r.auth.UserAuthenticationApplication   : Started UserAuthenticationApplication in 0.434 seconds (process running for 4439.824)
2024-10-26T05:54:54.488-07:00  INFO 9684 --- [Authentication Service] [restartedMain] .ConditionEvaluationDeltaLoggingListener : Condition evaluation unchanged
2024-10-26T05:56:18.326-07:00  INFO 9684 --- [Authentication Service] [File Watcher] rtingClassPathChangeChangedEventListener : Restarting due to 4 class path changes (1 addition, 0 deletions, 3 modifications)
2024-10-26T05:56:18.330-07:00  INFO 9684 --- [Authentication Service] [Thread-371] j.LocalContainerEntityManagerFactoryBean : Closing JPA EntityManagerFactory for persistence unit 'default'
2024-10-26T05:56:18.331-07:00  WARN 9684 --- [Authentication Service] [Thread-371] o.s.b.f.support.DisposableBeanAdapter    : Invocation of destroy method failed on bean with name 'inMemoryDatabaseShutdownExecutor': org.h2.jdbc.JdbcSQLNonTransientConnectionException: Database is already closed (to disable automatic closing at VM shutdown, add ";DB_CLOSE_ON_EXIT=FALSE" to the db URL) [90121-224]
2024-10-26T05:56:18.331-07:00  INFO 9684 --- [Authentication Service] [Thread-371] com.zaxxer.hikari.HikariDataSource       : HikariPool-112 - Shutdown initiated...
2024-10-26T05:56:18.332-07:00  INFO 9684 --- [Authentication Service] [Thread-371] com.zaxxer.hikari.HikariDataSource       : HikariPool-112 - Shutdown completed.
2024-10-26T05:56:18.396-07:00  INFO 9684 --- [Authentication Service] [restartedMain] c.r.auth.UserAuthenticationApplication   : Starting UserAuthenticationApplication using Java 22 with PID 9684 (C:\Users\ronbo\Documents\Software Engineering\programming\java\spring-boot-authentication\target\classes started by ronbo in C:\Users\ronbo\Documents\Software Engineering\programming\java\spring-boot-authentication)
2024-10-26T05:56:18.397-07:00  INFO 9684 --- [Authentication Service] [restartedMain] c.r.auth.UserAuthenticationApplication   : No active profile set, falling back to 1 default profile: "default"
2024-10-26T05:56:18.507-07:00  INFO 9684 --- [Authentication Service] [restartedMain] .s.d.r.c.RepositoryConfigurationDelegate : Bootstrapping Spring Data JPA repositories in DEFAULT mode.
2024-10-26T05:56:18.513-07:00  INFO 9684 --- [Authentication Service] [restartedMain] .s.d.r.c.RepositoryConfigurationDelegate : Finished Spring Data repository scanning in 5 ms. Found 1 JPA repository interface.
2024-10-26T05:56:18.574-07:00  INFO 9684 --- [Authentication Service] [restartedMain] o.s.b.w.embedded.tomcat.TomcatWebServer  : Tomcat initialized with port 8080 (http)
2024-10-26T05:56:18.576-07:00  INFO 9684 --- [Authentication Service] [restartedMain] o.apache.catalina.core.StandardService   : Starting service [Tomcat]
2024-10-26T05:56:18.576-07:00  INFO 9684 --- [Authentication Service] [restartedMain] o.apache.catalina.core.StandardEngine    : Starting Servlet engine: [Apache Tomcat/10.1.18]
2024-10-26T05:56:18.585-07:00  INFO 9684 --- [Authentication Service] [restartedMain] o.a.c.c.C.[Tomcat-94].[localhost].[/]    : Initializing Spring embedded WebApplicationContext
2024-10-26T05:56:18.585-07:00  INFO 9684 --- [Authentication Service] [restartedMain] w.s.c.ServletWebServerApplicationContext : Root WebApplicationContext: initialization completed in 187 ms
2024-10-26T05:56:18.595-07:00  INFO 9684 --- [Authentication Service] [restartedMain] com.zaxxer.hikari.HikariDataSource       : HikariPool-113 - Starting...
2024-10-26T05:56:18.596-07:00  INFO 9684 --- [Authentication Service] [restartedMain] com.zaxxer.hikari.pool.HikariPool        : HikariPool-113 - Added connection conn276: url=jdbc:h2:mem:testdb user=ROOT
2024-10-26T05:56:18.597-07:00  INFO 9684 --- [Authentication Service] [restartedMain] com.zaxxer.hikari.HikariDataSource       : HikariPool-113 - Start completed.
2024-10-26T05:56:18.597-07:00  INFO 9684 --- [Authentication Service] [restartedMain] o.s.b.a.h2.H2ConsoleAutoConfiguration    : H2 console available at '/h2-console'. Database available at 'jdbc:h2:mem:testdb'
2024-10-26T05:56:18.616-07:00  INFO 9684 --- [Authentication Service] [restartedMain] o.hibernate.jpa.internal.util.LogHelper  : HHH000204: Processing PersistenceUnitInfo [name: default]
2024-10-26T05:56:18.618-07:00  INFO 9684 --- [Authentication Service] [restartedMain] o.h.c.internal.RegionFactoryInitiator    : HHH000026: Second-level cache disabled
2024-10-26T05:56:18.621-07:00  INFO 9684 --- [Authentication Service] [restartedMain] o.s.o.j.p.SpringPersistenceUnitInfo      : No LoadTimeWeaver setup: ignoring JPA class transformer
2024-10-26T05:56:18.622-07:00  WARN 9684 --- [Authentication Service] [restartedMain] org.hibernate.orm.deprecation            : HHH90000025: H2Dialect does not need to be specified explicitly using 'hibernate.dialect' (remove the property setting and it will be selected by default)
2024-10-26T05:56:18.649-07:00  INFO 9684 --- [Authentication Service] [restartedMain] o.h.e.t.j.p.i.JtaPlatformInitiator       : HHH000489: No JTA platform available (set 'hibernate.transaction.jta.platform' to enable JTA platform integration)
2024-10-26T05:56:18.653-07:00  INFO 9684 --- [Authentication Service] [restartedMain] j.LocalContainerEntityManagerFactoryBean : Initialized JPA EntityManagerFactory for persistence unit 'default'
2024-10-26T05:56:18.725-07:00  WARN 9684 --- [Authentication Service] [restartedMain] JpaBaseConfiguration$JpaWebConfiguration : spring.jpa.open-in-view is enabled by default. Therefore, database queries may be performed during view rendering. Explicitly configure spring.jpa.open-in-view to disable this warning
2024-10-26T05:56:18.767-07:00  INFO 9684 --- [Authentication Service] [restartedMain] o.s.s.web.DefaultSecurityFilterChain     : Will secure any request with [org.springframework.security.web.session.DisableEncodeUrlFilter@641fd4e5, org.springframework.security.web.context.request.async.WebAsyncManagerIntegrationFilter@36dd395f, org.springframework.security.web.context.SecurityContextHolderFilter@7ba0a574, org.springframework.security.web.header.HeaderWriterFilter@5d4823e0, org.springframework.security.web.authentication.logout.LogoutFilter@231e21d8, com.ronbodnar.auth.security.filter.JwtAuthenticationFilter@79a4f3e6, com.ronbodnar.auth.security.filter.BearerAuthenticationFilter@11385c84, org.springframework.security.web.savedrequest.RequestCacheAwareFilter@605f5f6b, org.springframework.security.web.servletapi.SecurityContextHolderAwareRequestFilter@7c9427a3, org.springframework.security.web.authentication.AnonymousAuthenticationFilter@b76176d, org.springframework.security.web.session.SessionManagementFilter@4a0d7a67, org.springframework.security.web.access.ExceptionTranslationFilter@65efc17a, org.springframework.security.web.access.intercept.AuthorizationFilter@64d4076f]
2024-10-26T05:56:18.804-07:00  INFO 9684 --- [Authentication Service] [restartedMain] o.s.b.d.a.OptionalLiveReloadServer       : LiveReload server is running on port 35729
2024-10-26T05:56:18.809-07:00  INFO 9684 --- [Authentication Service] [restartedMain] o.s.b.w.embedded.tomcat.TomcatWebServer  : Tomcat started on port 8080 (http) with context path ''
2024-10-26T05:56:18.812-07:00  INFO 9684 --- [Authentication Service] [restartedMain] c.r.auth.UserAuthenticationApplication   : Started UserAuthenticationApplication in 0.433 seconds (process running for 4524.21)
2024-10-26T05:56:18.877-07:00  INFO 9684 --- [Authentication Service] [restartedMain] .ConditionEvaluationDeltaLoggingListener : Condition evaluation unchanged
2024-10-26T05:56:27.369-07:00  INFO 9684 --- [Authentication Service] [File Watcher] rtingClassPathChangeChangedEventListener : Restarting due to 1 class path change (0 additions, 0 deletions, 1 modification)
2024-10-26T05:56:27.374-07:00  INFO 9684 --- [Authentication Service] [Thread-375] j.LocalContainerEntityManagerFactoryBean : Closing JPA EntityManagerFactory for persistence unit 'default'
2024-10-26T05:56:27.374-07:00  WARN 9684 --- [Authentication Service] [Thread-375] o.s.b.f.support.DisposableBeanAdapter    : Invocation of destroy method failed on bean with name 'inMemoryDatabaseShutdownExecutor': org.h2.jdbc.JdbcSQLNonTransientConnectionException: Database is already closed (to disable automatic closing at VM shutdown, add ";DB_CLOSE_ON_EXIT=FALSE" to the db URL) [90121-224]
2024-10-26T05:56:27.375-07:00  INFO 9684 --- [Authentication Service] [Thread-375] com.zaxxer.hikari.HikariDataSource       : HikariPool-113 - Shutdown initiated...
2024-10-26T05:56:27.377-07:00  INFO 9684 --- [Authentication Service] [Thread-375] com.zaxxer.hikari.HikariDataSource       : HikariPool-113 - Shutdown completed.
2024-10-26T05:56:27.453-07:00  INFO 9684 --- [Authentication Service] [restartedMain] c.r.auth.UserAuthenticationApplication   : Starting UserAuthenticationApplication using Java 22 with PID 9684 (C:\Users\ronbo\Documents\Software Engineering\programming\java\spring-boot-authentication\target\classes started by ronbo in C:\Users\ronbo\Documents\Software Engineering\programming\java\spring-boot-authentication)
2024-10-26T05:56:27.454-07:00  INFO 9684 --- [Authentication Service] [restartedMain] c.r.auth.UserAuthenticationApplication   : No active profile set, falling back to 1 default profile: "default"
2024-10-26T05:56:27.560-07:00  INFO 9684 --- [Authentication Service] [restartedMain] .s.d.r.c.RepositoryConfigurationDelegate : Bootstrapping Spring Data JPA repositories in DEFAULT mode.
2024-10-26T05:56:27.565-07:00  INFO 9684 --- [Authentication Service] [restartedMain] .s.d.r.c.RepositoryConfigurationDelegate : Finished Spring Data repository scanning in 5 ms. Found 1 JPA repository interface.
2024-10-26T05:56:27.618-07:00  INFO 9684 --- [Authentication Service] [restartedMain] o.s.b.w.embedded.tomcat.TomcatWebServer  : Tomcat initialized with port 8080 (http)
2024-10-26T05:56:27.619-07:00  INFO 9684 --- [Authentication Service] [restartedMain] o.apache.catalina.core.StandardService   : Starting service [Tomcat]
2024-10-26T05:56:27.619-07:00  INFO 9684 --- [Authentication Service] [restartedMain] o.apache.catalina.core.StandardEngine    : Starting Servlet engine: [Apache Tomcat/10.1.18]
2024-10-26T05:56:27.629-07:00  INFO 9684 --- [Authentication Service] [restartedMain] o.a.c.c.C.[Tomcat-94].[localhost].[/]    : Initializing Spring embedded WebApplicationContext
2024-10-26T05:56:27.629-07:00  INFO 9684 --- [Authentication Service] [restartedMain] w.s.c.ServletWebServerApplicationContext : Root WebApplicationContext: initialization completed in 174 ms
2024-10-26T05:56:27.637-07:00  INFO 9684 --- [Authentication Service] [restartedMain] com.zaxxer.hikari.HikariDataSource       : HikariPool-114 - Starting...
2024-10-26T05:56:27.639-07:00  INFO 9684 --- [Authentication Service] [restartedMain] com.zaxxer.hikari.pool.HikariPool        : HikariPool-114 - Added connection conn286: url=jdbc:h2:mem:testdb user=ROOT
2024-10-26T05:56:27.639-07:00  INFO 9684 --- [Authentication Service] [restartedMain] com.zaxxer.hikari.HikariDataSource       : HikariPool-114 - Start completed.
2024-10-26T05:56:27.639-07:00  INFO 9684 --- [Authentication Service] [restartedMain] o.s.b.a.h2.H2ConsoleAutoConfiguration    : H2 console available at '/h2-console'. Database available at 'jdbc:h2:mem:testdb'
2024-10-26T05:56:27.654-07:00  INFO 9684 --- [Authentication Service] [restartedMain] o.hibernate.jpa.internal.util.LogHelper  : HHH000204: Processing PersistenceUnitInfo [name: default]
2024-10-26T05:56:27.655-07:00  INFO 9684 --- [Authentication Service] [restartedMain] o.h.c.internal.RegionFactoryInitiator    : HHH000026: Second-level cache disabled
2024-10-26T05:56:27.658-07:00  INFO 9684 --- [Authentication Service] [restartedMain] o.s.o.j.p.SpringPersistenceUnitInfo      : No LoadTimeWeaver setup: ignoring JPA class transformer
2024-10-26T05:56:27.659-07:00  WARN 9684 --- [Authentication Service] [restartedMain] org.hibernate.orm.deprecation            : HHH90000025: H2Dialect does not need to be specified explicitly using 'hibernate.dialect' (remove the property setting and it will be selected by default)
2024-10-26T05:56:27.694-07:00  INFO 9684 --- [Authentication Service] [restartedMain] o.h.e.t.j.p.i.JtaPlatformInitiator       : HHH000489: No JTA platform available (set 'hibernate.transaction.jta.platform' to enable JTA platform integration)
2024-10-26T05:56:27.703-07:00  INFO 9684 --- [Authentication Service] [restartedMain] j.LocalContainerEntityManagerFactoryBean : Initialized JPA EntityManagerFactory for persistence unit 'default'
2024-10-26T05:56:27.756-07:00  WARN 9684 --- [Authentication Service] [restartedMain] JpaBaseConfiguration$JpaWebConfiguration : spring.jpa.open-in-view is enabled by default. Therefore, database queries may be performed during view rendering. Explicitly configure spring.jpa.open-in-view to disable this warning
2024-10-26T05:56:27.791-07:00  INFO 9684 --- [Authentication Service] [restartedMain] o.s.s.web.DefaultSecurityFilterChain     : Will secure any request with [org.springframework.security.web.session.DisableEncodeUrlFilter@7c00014c, org.springframework.security.web.context.request.async.WebAsyncManagerIntegrationFilter@4f9bd6c6, org.springframework.security.web.context.SecurityContextHolderFilter@505ceed1, org.springframework.security.web.header.HeaderWriterFilter@dec3841, org.springframework.security.web.authentication.logout.LogoutFilter@6eaba07a, com.ronbodnar.auth.security.filter.JwtAuthenticationFilter@7653730a, com.ronbodnar.auth.security.filter.BearerAuthenticationFilter@1dfd506, org.springframework.security.web.savedrequest.RequestCacheAwareFilter@123ea61, org.springframework.security.web.servletapi.SecurityContextHolderAwareRequestFilter@6d61e434, org.springframework.security.web.authentication.AnonymousAuthenticationFilter@16fe3c46, org.springframework.security.web.session.SessionManagementFilter@688b9d1e, org.springframework.security.web.access.ExceptionTranslationFilter@226e781b, org.springframework.security.web.access.intercept.AuthorizationFilter@12e72554]
2024-10-26T05:56:27.816-07:00  INFO 9684 --- [Authentication Service] [restartedMain] o.s.b.d.a.OptionalLiveReloadServer       : LiveReload server is running on port 35729
2024-10-26T05:56:27.822-07:00  INFO 9684 --- [Authentication Service] [restartedMain] o.s.b.w.embedded.tomcat.TomcatWebServer  : Tomcat started on port 8080 (http) with context path ''
2024-10-26T05:56:27.824-07:00  INFO 9684 --- [Authentication Service] [restartedMain] c.r.auth.UserAuthenticationApplication   : Started UserAuthenticationApplication in 0.393 seconds (process running for 4533.223)
2024-10-26T05:56:27.888-07:00  INFO 9684 --- [Authentication Service] [restartedMain] .ConditionEvaluationDeltaLoggingListener : Condition evaluation unchanged
2024-10-26T05:57:54.017-07:00  INFO 9684 --- [Authentication Service] [File Watcher] rtingClassPathChangeChangedEventListener : Restarting due to 1 class path change (0 additions, 0 deletions, 1 modification)
2024-10-26T05:57:54.022-07:00  INFO 9684 --- [Authentication Service] [Thread-379] j.LocalContainerEntityManagerFactoryBean : Closing JPA EntityManagerFactory for persistence unit 'default'
2024-10-26T05:57:54.023-07:00  WARN 9684 --- [Authentication Service] [Thread-379] o.s.b.f.support.DisposableBeanAdapter    : Invocation of destroy method failed on bean with name 'inMemoryDatabaseShutdownExecutor': org.h2.jdbc.JdbcSQLNonTransientConnectionException: Database is already closed (to disable automatic closing at VM shutdown, add ";DB_CLOSE_ON_EXIT=FALSE" to the db URL) [90121-224]
2024-10-26T05:57:54.023-07:00  INFO 9684 --- [Authentication Service] [Thread-379] com.zaxxer.hikari.HikariDataSource       : HikariPool-114 - Shutdown initiated...
2024-10-26T05:57:54.025-07:00  INFO 9684 --- [Authentication Service] [Thread-379] com.zaxxer.hikari.HikariDataSource       : HikariPool-114 - Shutdown completed.
2024-10-26T05:57:54.093-07:00  INFO 9684 --- [Authentication Service] [restartedMain] c.r.auth.UserAuthenticationApplication   : Starting UserAuthenticationApplication using Java 22 with PID 9684 (C:\Users\ronbo\Documents\Software Engineering\programming\java\spring-boot-authentication\target\classes started by ronbo in C:\Users\ronbo\Documents\Software Engineering\programming\java\spring-boot-authentication)
2024-10-26T05:57:54.093-07:00  INFO 9684 --- [Authentication Service] [restartedMain] c.r.auth.UserAuthenticationApplication   : No active profile set, falling back to 1 default profile: "default"
2024-10-26T05:57:54.213-07:00  INFO 9684 --- [Authentication Service] [restartedMain] .s.d.r.c.RepositoryConfigurationDelegate : Bootstrapping Spring Data JPA repositories in DEFAULT mode.
2024-10-26T05:57:54.219-07:00  INFO 9684 --- [Authentication Service] [restartedMain] .s.d.r.c.RepositoryConfigurationDelegate : Finished Spring Data repository scanning in 5 ms. Found 1 JPA repository interface.
2024-10-26T05:57:54.284-07:00  INFO 9684 --- [Authentication Service] [restartedMain] o.s.b.w.embedded.tomcat.TomcatWebServer  : Tomcat initialized with port 8080 (http)
2024-10-26T05:57:54.285-07:00  INFO 9684 --- [Authentication Service] [restartedMain] o.apache.catalina.core.StandardService   : Starting service [Tomcat]
2024-10-26T05:57:54.286-07:00  INFO 9684 --- [Authentication Service] [restartedMain] o.apache.catalina.core.StandardEngine    : Starting Servlet engine: [Apache Tomcat/10.1.18]
2024-10-26T05:57:54.296-07:00  INFO 9684 --- [Authentication Service] [restartedMain] o.a.c.c.C.[Tomcat-94].[localhost].[/]    : Initializing Spring embedded WebApplicationContext
2024-10-26T05:57:54.296-07:00  INFO 9684 --- [Authentication Service] [restartedMain] w.s.c.ServletWebServerApplicationContext : Root WebApplicationContext: initialization completed in 201 ms
2024-10-26T05:57:54.304-07:00  INFO 9684 --- [Authentication Service] [restartedMain] com.zaxxer.hikari.HikariDataSource       : HikariPool-115 - Starting...
2024-10-26T05:57:54.305-07:00  INFO 9684 --- [Authentication Service] [restartedMain] com.zaxxer.hikari.pool.HikariPool        : HikariPool-115 - Added connection conn296: url=jdbc:h2:mem:testdb user=ROOT
2024-10-26T05:57:54.306-07:00  INFO 9684 --- [Authentication Service] [restartedMain] com.zaxxer.hikari.HikariDataSource       : HikariPool-115 - Start completed.
2024-10-26T05:57:54.306-07:00  INFO 9684 --- [Authentication Service] [restartedMain] o.s.b.a.h2.H2ConsoleAutoConfiguration    : H2 console available at '/h2-console'. Database available at 'jdbc:h2:mem:testdb'
2024-10-26T05:57:54.323-07:00  INFO 9684 --- [Authentication Service] [restartedMain] o.hibernate.jpa.internal.util.LogHelper  : HHH000204: Processing PersistenceUnitInfo [name: default]
2024-10-26T05:57:54.325-07:00  INFO 9684 --- [Authentication Service] [restartedMain] o.h.c.internal.RegionFactoryInitiator    : HHH000026: Second-level cache disabled
2024-10-26T05:57:54.327-07:00  INFO 9684 --- [Authentication Service] [restartedMain] o.s.o.j.p.SpringPersistenceUnitInfo      : No LoadTimeWeaver setup: ignoring JPA class transformer
2024-10-26T05:57:54.328-07:00  WARN 9684 --- [Authentication Service] [restartedMain] org.hibernate.orm.deprecation            : HHH90000025: H2Dialect does not need to be specified explicitly using 'hibernate.dialect' (remove the property setting and it will be selected by default)
2024-10-26T05:57:54.355-07:00  INFO 9684 --- [Authentication Service] [restartedMain] o.h.e.t.j.p.i.JtaPlatformInitiator       : HHH000489: No JTA platform available (set 'hibernate.transaction.jta.platform' to enable JTA platform integration)
2024-10-26T05:57:54.358-07:00  INFO 9684 --- [Authentication Service] [restartedMain] j.LocalContainerEntityManagerFactoryBean : Initialized JPA EntityManagerFactory for persistence unit 'default'
2024-10-26T05:57:54.424-07:00  WARN 9684 --- [Authentication Service] [restartedMain] JpaBaseConfiguration$JpaWebConfiguration : spring.jpa.open-in-view is enabled by default. Therefore, database queries may be performed during view rendering. Explicitly configure spring.jpa.open-in-view to disable this warning
2024-10-26T05:57:54.464-07:00  INFO 9684 --- [Authentication Service] [restartedMain] o.s.s.web.DefaultSecurityFilterChain     : Will secure any request with [org.springframework.security.web.session.DisableEncodeUrlFilter@3514a96a, org.springframework.security.web.context.request.async.WebAsyncManagerIntegrationFilter@6016992f, org.springframework.security.web.context.SecurityContextHolderFilter@1a223b6b, org.springframework.security.web.header.HeaderWriterFilter@1a746a5, org.springframework.security.web.authentication.logout.LogoutFilter@b5bc196, com.ronbodnar.auth.security.filter.JwtAuthenticationFilter@79994b72, com.ronbodnar.auth.security.filter.BearerAuthenticationFilter@4a299e06, org.springframework.security.web.savedrequest.RequestCacheAwareFilter@4b295f18, org.springframework.security.web.servletapi.SecurityContextHolderAwareRequestFilter@7080bab6, org.springframework.security.web.authentication.AnonymousAuthenticationFilter@36b83319, org.springframework.security.web.session.SessionManagementFilter@1bad7e9b, org.springframework.security.web.access.ExceptionTranslationFilter@46b2fd1a, org.springframework.security.web.access.intercept.AuthorizationFilter@7fabc087]
2024-10-26T05:57:54.501-07:00  INFO 9684 --- [Authentication Service] [restartedMain] o.s.b.d.a.OptionalLiveReloadServer       : LiveReload server is running on port 35729
2024-10-26T05:57:54.509-07:00  INFO 9684 --- [Authentication Service] [restartedMain] o.s.b.w.embedded.tomcat.TomcatWebServer  : Tomcat started on port 8080 (http) with context path ''
2024-10-26T05:57:54.511-07:00  INFO 9684 --- [Authentication Service] [restartedMain] c.r.auth.UserAuthenticationApplication   : Started UserAuthenticationApplication in 0.437 seconds (process running for 4619.91)
2024-10-26T05:57:54.577-07:00  INFO 9684 --- [Authentication Service] [restartedMain] .ConditionEvaluationDeltaLoggingListener : Condition evaluation unchanged
2024-10-26T05:58:39.603-07:00  INFO 9684 --- [Authentication Service] [http-nio-8080-exec-2] o.a.c.c.C.[Tomcat-94].[localhost].[/]    : Initializing Spring DispatcherServlet 'dispatcherServlet'
2024-10-26T05:58:39.604-07:00  INFO 9684 --- [Authentication Service] [http-nio-8080-exec-2] o.s.web.servlet.DispatcherServlet        : Initializing Servlet 'dispatcherServlet'
2024-10-26T05:58:39.605-07:00  INFO 9684 --- [Authentication Service] [http-nio-8080-exec-2] o.s.web.servlet.DispatcherServlet        : Completed initialization in 1 ms
2024-10-26T05:58:39.607-07:00 DEBUG 9684 --- [Authentication Service] [http-nio-8080-exec-2] o.s.security.web.FilterChainProxy        : Securing POST /users
2024-10-26T05:58:39.614-07:00 DEBUG 9684 --- [Authentication Service] [http-nio-8080-exec-2] o.s.security.web.FilterChainProxy        : Secured POST /users
2024-10-26T05:58:39.652-07:00 ERROR 9684 --- [Authentication Service] [http-nio-8080-exec-2] c.r.a.exception.GlobalExceptionHandler   : An error occurred: JSON parse error: Unexpected character ('u' (code 117)): was expecting double-quote to start field name

org.springframework.http.converter.HttpMessageNotReadableException: JSON parse error: Unexpected character ('u' (code 117)): was expecting double-quote to start field name
	at org.springframework.http.converter.json.AbstractJackson2HttpMessageConverter.readJavaType(AbstractJackson2HttpMessageConverter.java:406) ~[spring-web-6.1.3.jar:6.1.3]
	at org.springframework.http.converter.json.AbstractJackson2HttpMessageConverter.read(AbstractJackson2HttpMessageConverter.java:354) ~[spring-web-6.1.3.jar:6.1.3]
	at org.springframework.web.servlet.mvc.method.annotation.AbstractMessageConverterMethodArgumentResolver.readWithMessageConverters(AbstractMessageConverterMethodArgumentResolver.java:184) ~[spring-webmvc-6.1.3.jar:6.1.3]
	at org.springframework.web.servlet.mvc.method.annotation.RequestResponseBodyMethodProcessor.readWithMessageConverters(RequestResponseBodyMethodProcessor.java:159) ~[spring-webmvc-6.1.3.jar:6.1.3]
	at org.springframework.web.servlet.mvc.method.annotation.RequestResponseBodyMethodProcessor.resolveArgument(RequestResponseBodyMethodProcessor.java:134) ~[spring-webmvc-6.1.3.jar:6.1.3]
	at org.springframework.web.method.support.HandlerMethodArgumentResolverComposite.resolveArgument(HandlerMethodArgumentResolverComposite.java:122) ~[spring-web-6.1.3.jar:6.1.3]
	at org.springframework.web.method.support.InvocableHandlerMethod.getMethodArgumentValues(InvocableHandlerMethod.java:225) ~[spring-web-6.1.3.jar:6.1.3]
	at org.springframework.web.method.support.InvocableHandlerMethod.invokeForRequest(InvocableHandlerMethod.java:178) ~[spring-web-6.1.3.jar:6.1.3]
	at org.springframework.web.servlet.mvc.method.annotation.ServletInvocableHandlerMethod.invokeAndHandle(ServletInvocableHandlerMethod.java:118) ~[spring-webmvc-6.1.3.jar:6.1.3]
	at org.springframework.web.servlet.mvc.method.annotation.RequestMappingHandlerAdapter.invokeHandlerMethod(RequestMappingHandlerAdapter.java:917) ~[spring-webmvc-6.1.3.jar:6.1.3]
	at org.springframework.web.servlet.mvc.method.annotation.RequestMappingHandlerAdapter.handleInternal(RequestMappingHandlerAdapter.java:829) ~[spring-webmvc-6.1.3.jar:6.1.3]
	at org.springframework.web.servlet.mvc.method.AbstractHandlerMethodAdapter.handle(AbstractHandlerMethodAdapter.java:87) ~[spring-webmvc-6.1.3.jar:6.1.3]
	at org.springframework.web.servlet.DispatcherServlet.doDispatch(DispatcherServlet.java:1089) ~[spring-webmvc-6.1.3.jar:6.1.3]
	at org.springframework.web.servlet.DispatcherServlet.doService(DispatcherServlet.java:979) ~[spring-webmvc-6.1.3.jar:6.1.3]
	at org.springframework.web.servlet.FrameworkServlet.processRequest(FrameworkServlet.java:1014) ~[spring-webmvc-6.1.3.jar:6.1.3]
	at org.springframework.web.servlet.FrameworkServlet.doPost(FrameworkServlet.java:914) ~[spring-webmvc-6.1.3.jar:6.1.3]
	at jakarta.servlet.http.HttpServlet.service(HttpServlet.java:590) ~[tomcat-embed-core-10.1.18.jar:6.0]
	at org.springframework.web.servlet.FrameworkServlet.service(FrameworkServlet.java:885) ~[spring-webmvc-6.1.3.jar:6.1.3]
	at jakarta.servlet.http.HttpServlet.service(HttpServlet.java:658) ~[tomcat-embed-core-10.1.18.jar:6.0]
	at org.apache.catalina.core.ApplicationFilterChain.internalDoFilter(ApplicationFilterChain.java:205) ~[tomcat-embed-core-10.1.18.jar:10.1.18]
	at org.apache.catalina.core.ApplicationFilterChain.doFilter(ApplicationFilterChain.java:149) ~[tomcat-embed-core-10.1.18.jar:10.1.18]
	at org.apache.tomcat.websocket.server.WsFilter.doFilter(WsFilter.java:51) ~[tomcat-embed-websocket-10.1.18.jar:10.1.18]
	at org.apache.catalina.core.ApplicationFilterChain.internalDoFilter(ApplicationFilterChain.java:174) ~[tomcat-embed-core-10.1.18.jar:10.1.18]
	at org.apache.catalina.core.ApplicationFilterChain.doFilter(ApplicationFilterChain.java:149) ~[tomcat-embed-core-10.1.18.jar:10.1.18]
	at org.springframework.web.filter.OncePerRequestFilter.doFilter(OncePerRequestFilter.java:110) ~[spring-web-6.1.3.jar:6.1.3]
	at org.apache.catalina.core.ApplicationFilterChain.internalDoFilter(ApplicationFilterChain.java:174) ~[tomcat-embed-core-10.1.18.jar:10.1.18]
	at org.apache.catalina.core.ApplicationFilterChain.doFilter(ApplicationFilterChain.java:149) ~[tomcat-embed-core-10.1.18.jar:10.1.18]
	at org.springframework.web.filter.OncePerRequestFilter.doFilter(OncePerRequestFilter.java:110) ~[spring-web-6.1.3.jar:6.1.3]
	at org.apache.catalina.core.ApplicationFilterChain.internalDoFilter(ApplicationFilterChain.java:174) ~[tomcat-embed-core-10.1.18.jar:10.1.18]
	at org.apache.catalina.core.ApplicationFilterChain.doFilter(ApplicationFilterChain.java:149) ~[tomcat-embed-core-10.1.18.jar:10.1.18]
	at org.springframework.web.filter.CompositeFilter$VirtualFilterChain.doFilter(CompositeFilter.java:108) ~[spring-web-6.1.3.jar:6.1.3]
	at org.springframework.security.web.FilterChainProxy.lambda$doFilterInternal$3(FilterChainProxy.java:231) ~[spring-security-web-6.2.1.jar:6.2.1]
	at org.springframework.security.web.FilterChainProxy$VirtualFilterChain.doFilter(FilterChainProxy.java:365) ~[spring-security-web-6.2.1.jar:6.2.1]
	at org.springframework.security.web.access.intercept.AuthorizationFilter.doFilter(AuthorizationFilter.java:100) ~[spring-security-web-6.2.1.jar:6.2.1]
	at org.springframework.security.web.FilterChainProxy$VirtualFilterChain.doFilter(FilterChainProxy.java:374) ~[spring-security-web-6.2.1.jar:6.2.1]
	at org.springframework.security.web.access.ExceptionTranslationFilter.doFilter(ExceptionTranslationFilter.java:126) ~[spring-security-web-6.2.1.jar:6.2.1]
	at org.springframework.security.web.access.ExceptionTranslationFilter.doFilter(ExceptionTranslationFilter.java:120) ~[spring-security-web-6.2.1.jar:6.2.1]
	at org.springframework.security.web.FilterChainProxy$VirtualFilterChain.doFilter(FilterChainProxy.java:374) ~[spring-security-web-6.2.1.jar:6.2.1]
	at org.springframework.security.web.session.SessionManagementFilter.doFilter(SessionManagementFilter.java:131) ~[spring-security-web-6.2.1.jar:6.2.1]
	at org.springframework.security.web.session.SessionManagementFilter.doFilter(SessionManagementFilter.java:85) ~[spring-security-web-6.2.1.jar:6.2.1]
	at org.springframework.security.web.FilterChainProxy$VirtualFilterChain.doFilter(FilterChainProxy.java:374) ~[spring-security-web-6.2.1.jar:6.2.1]
	at org.springframework.security.web.authentication.AnonymousAuthenticationFilter.doFilter(AnonymousAuthenticationFilter.java:100) ~[spring-security-web-6.2.1.jar:6.2.1]
	at org.springframework.security.web.FilterChainProxy$VirtualFilterChain.doFilter(FilterChainProxy.java:374) ~[spring-security-web-6.2.1.jar:6.2.1]
	at org.springframework.security.web.servletapi.SecurityContextHolderAwareRequestFilter.doFilter(SecurityContextHolderAwareRequestFilter.java:179) ~[spring-security-web-6.2.1.jar:6.2.1]
	at org.springframework.security.web.FilterChainProxy$VirtualFilterChain.doFilter(FilterChainProxy.java:374) ~[spring-security-web-6.2.1.jar:6.2.1]
	at org.springframework.security.web.savedrequest.RequestCacheAwareFilter.doFilter(RequestCacheAwareFilter.java:63) ~[spring-security-web-6.2.1.jar:6.2.1]
	at org.springframework.security.web.FilterChainProxy$VirtualFilterChain.doFilter(FilterChainProxy.java:374) ~[spring-security-web-6.2.1.jar:6.2.1]
	at com.ronbodnar.auth.security.filter.BearerAuthenticationFilter.doFilterInternal(BearerAuthenticationFilter.java:79) ~[classes/:na]
	at org.springframework.web.filter.OncePerRequestFilter.doFilter(OncePerRequestFilter.java:116) ~[spring-web-6.1.3.jar:6.1.3]
	at org.springframework.security.web.FilterChainProxy$VirtualFilterChain.doFilter(FilterChainProxy.java:374) ~[spring-security-web-6.2.1.jar:6.2.1]
	at com.ronbodnar.auth.security.filter.JwtAuthenticationFilter.doFilterInternal(JwtAuthenticationFilter.java:85) ~[classes/:na]
	at org.springframework.web.filter.OncePerRequestFilter.doFilter(OncePerRequestFilter.java:116) ~[spring-web-6.1.3.jar:6.1.3]
	at org.springframework.security.web.FilterChainProxy$VirtualFilterChain.doFilter(FilterChainProxy.java:374) ~[spring-security-web-6.2.1.jar:6.2.1]
	at org.springframework.security.web.authentication.logout.LogoutFilter.doFilter(LogoutFilter.java:107) ~[spring-security-web-6.2.1.jar:6.2.1]
	at org.springframework.security.web.authentication.logout.LogoutFilter.doFilter(LogoutFilter.java:93) ~[spring-security-web-6.2.1.jar:6.2.1]
	at org.springframework.security.web.FilterChainProxy$VirtualFilterChain.doFilter(FilterChainProxy.java:374) ~[spring-security-web-6.2.1.jar:6.2.1]
	at org.springframework.security.web.header.HeaderWriterFilter.doHeadersAfter(HeaderWriterFilter.java:90) ~[spring-security-web-6.2.1.jar:6.2.1]
	at org.springframework.security.web.header.HeaderWriterFilter.doFilterInternal(HeaderWriterFilter.java:75) ~[spring-security-web-6.2.1.jar:6.2.1]
	at org.springframework.web.filter.OncePerRequestFilter.doFilter(OncePerRequestFilter.java:116) ~[spring-web-6.1.3.jar:6.1.3]
	at org.springframework.security.web.FilterChainProxy$VirtualFilterChain.doFilter(FilterChainProxy.java:374) ~[spring-security-web-6.2.1.jar:6.2.1]
	at org.springframework.security.web.context.SecurityContextHolderFilter.doFilter(SecurityContextHolderFilter.java:82) ~[spring-security-web-6.2.1.jar:6.2.1]
	at org.springframework.security.web.context.SecurityContextHolderFilter.doFilter(SecurityContextHolderFilter.java:69) ~[spring-security-web-6.2.1.jar:6.2.1]
	at org.springframework.security.web.FilterChainProxy$VirtualFilterChain.doFilter(FilterChainProxy.java:374) ~[spring-security-web-6.2.1.jar:6.2.1]
	at org.springframework.security.web.context.request.async.WebAsyncManagerIntegrationFilter.doFilterInternal(WebAsyncManagerIntegrationFilter.java:62) ~[spring-security-web-6.2.1.jar:6.2.1]
	at org.springframework.web.filter.OncePerRequestFilter.doFilter(OncePerRequestFilter.java:116) ~[spring-web-6.1.3.jar:6.1.3]
	at org.springframework.security.web.FilterChainProxy$VirtualFilterChain.doFilter(FilterChainProxy.java:374) ~[spring-security-web-6.2.1.jar:6.2.1]
	at org.springframework.security.web.session.DisableEncodeUrlFilter.doFilterInternal(DisableEncodeUrlFilter.java:42) ~[spring-security-web-6.2.1.jar:6.2.1]
	at org.springframework.web.filter.OncePerRequestFilter.doFilter(OncePerRequestFilter.java:116) ~[spring-web-6.1.3.jar:6.1.3]
	at org.springframework.security.web.FilterChainProxy$VirtualFilterChain.doFilter(FilterChainProxy.java:374) ~[spring-security-web-6.2.1.jar:6.2.1]
	at org.springframework.security.web.FilterChainProxy.doFilterInternal(FilterChainProxy.java:233) ~[spring-security-web-6.2.1.jar:6.2.1]
	at org.springframework.security.web.FilterChainProxy.doFilter(FilterChainProxy.java:191) ~[spring-security-web-6.2.1.jar:6.2.1]
	at org.springframework.web.filter.CompositeFilter$VirtualFilterChain.doFilter(CompositeFilter.java:113) ~[spring-web-6.1.3.jar:6.1.3]
	at org.springframework.web.servlet.handler.HandlerMappingIntrospector.lambda$createCacheFilter$3(HandlerMappingIntrospector.java:195) ~[spring-webmvc-6.1.3.jar:6.1.3]
	at org.springframework.web.filter.CompositeFilter$VirtualFilterChain.doFilter(CompositeFilter.java:113) ~[spring-web-6.1.3.jar:6.1.3]
	at org.springframework.web.filter.CompositeFilter.doFilter(CompositeFilter.java:74) ~[spring-web-6.1.3.jar:6.1.3]
	at org.springframework.security.config.annotation.web.configuration.WebMvcSecurityConfiguration$CompositeFilterChainProxy.doFilter(WebMvcSecurityConfiguration.java:225) ~[spring-security-config-6.2.1.jar:6.2.1]
	at org.springframework.web.filter.DelegatingFilterProxy.invokeDelegate(DelegatingFilterProxy.java:352) ~[spring-web-6.1.3.jar:6.1.3]
	at org.springframework.web.filter.DelegatingFilterProxy.doFilter(DelegatingFilterProxy.java:268) ~[spring-web-6.1.3.jar:6.1.3]
	at org.apache.catalina.core.ApplicationFilterChain.internalDoFilter(ApplicationFilterChain.java:174) ~[tomcat-embed-core-10.1.18.jar:10.1.18]
	at org.apache.catalina.core.ApplicationFilterChain.doFilter(ApplicationFilterChain.java:149) ~[tomcat-embed-core-10.1.18.jar:10.1.18]
	at org.springframework.web.filter.RequestContextFilter.doFilterInternal(RequestContextFilter.java:100) ~[spring-web-6.1.3.jar:6.1.3]
	at org.springframework.web.filter.OncePerRequestFilter.doFilter(OncePerRequestFilter.java:116) ~[spring-web-6.1.3.jar:6.1.3]
	at org.apache.catalina.core.ApplicationFilterChain.internalDoFilter(ApplicationFilterChain.java:174) ~[tomcat-embed-core-10.1.18.jar:10.1.18]
	at org.apache.catalina.core.ApplicationFilterChain.doFilter(ApplicationFilterChain.java:149) ~[tomcat-embed-core-10.1.18.jar:10.1.18]
	at org.springframework.web.filter.FormContentFilter.doFilterInternal(FormContentFilter.java:93) ~[spring-web-6.1.3.jar:6.1.3]
	at org.springframework.web.filter.OncePerRequestFilter.doFilter(OncePerRequestFilter.java:116) ~[spring-web-6.1.3.jar:6.1.3]
	at org.apache.catalina.core.ApplicationFilterChain.internalDoFilter(ApplicationFilterChain.java:174) ~[tomcat-embed-core-10.1.18.jar:10.1.18]
	at org.apache.catalina.core.ApplicationFilterChain.doFilter(ApplicationFilterChain.java:149) ~[tomcat-embed-core-10.1.18.jar:10.1.18]
	at org.springframework.web.filter.CharacterEncodingFilter.doFilterInternal(CharacterEncodingFilter.java:201) ~[spring-web-6.1.3.jar:6.1.3]
	at org.springframework.web.filter.OncePerRequestFilter.doFilter(OncePerRequestFilter.java:116) ~[spring-web-6.1.3.jar:6.1.3]
	at org.apache.catalina.core.ApplicationFilterChain.internalDoFilter(ApplicationFilterChain.java:174) ~[tomcat-embed-core-10.1.18.jar:10.1.18]
	at org.apache.catalina.core.ApplicationFilterChain.doFilter(ApplicationFilterChain.java:149) ~[tomcat-embed-core-10.1.18.jar:10.1.18]
	at org.apache.catalina.core.StandardWrapperValve.invoke(StandardWrapperValve.java:167) ~[tomcat-embed-core-10.1.18.jar:10.1.18]
	at org.apache.catalina.core.StandardContextValve.invoke(StandardContextValve.java:90) ~[tomcat-embed-core-10.1.18.jar:10.1.18]
	at org.apache.catalina.authenticator.AuthenticatorBase.invoke(AuthenticatorBase.java:482) ~[tomcat-embed-core-10.1.18.jar:10.1.18]
	at org.apache.catalina.core.StandardHostValve.invoke(StandardHostValve.java:115) ~[tomcat-embed-core-10.1.18.jar:10.1.18]
	at org.apache.catalina.valves.ErrorReportValve.invoke(ErrorReportValve.java:93) ~[tomcat-embed-core-10.1.18.jar:10.1.18]
	at org.apache.catalina.core.StandardEngineValve.invoke(StandardEngineValve.java:74) ~[tomcat-embed-core-10.1.18.jar:10.1.18]
	at org.apache.catalina.connector.CoyoteAdapter.service(CoyoteAdapter.java:340) ~[tomcat-embed-core-10.1.18.jar:10.1.18]
	at org.apache.coyote.http11.Http11Processor.service(Http11Processor.java:391) ~[tomcat-embed-core-10.1.18.jar:10.1.18]
	at org.apache.coyote.AbstractProcessorLight.process(AbstractProcessorLight.java:63) ~[tomcat-embed-core-10.1.18.jar:10.1.18]
	at org.apache.coyote.AbstractProtocol$ConnectionHandler.process(AbstractProtocol.java:896) ~[tomcat-embed-core-10.1.18.jar:10.1.18]
	at org.apache.tomcat.util.net.NioEndpoint$SocketProcessor.doRun(NioEndpoint.java:1744) ~[tomcat-embed-core-10.1.18.jar:10.1.18]
	at org.apache.tomcat.util.net.SocketProcessorBase.run(SocketProcessorBase.java:52) ~[tomcat-embed-core-10.1.18.jar:10.1.18]
	at org.apache.tomcat.util.threads.ThreadPoolExecutor.runWorker(ThreadPoolExecutor.java:1191) ~[tomcat-embed-core-10.1.18.jar:10.1.18]
	at org.apache.tomcat.util.threads.ThreadPoolExecutor$Worker.run(ThreadPoolExecutor.java:659) ~[tomcat-embed-core-10.1.18.jar:10.1.18]
	at org.apache.tomcat.util.threads.TaskThread$WrappingRunnable.run(TaskThread.java:61) ~[tomcat-embed-core-10.1.18.jar:10.1.18]
	at java.base/java.lang.Thread.run(Thread.java:1570) ~[na:na]
Caused by: com.fasterxml.jackson.core.JsonParseException: Unexpected character ('u' (code 117)): was expecting double-quote to start field name
 at [Source: (org.springframework.util.StreamUtils$NonClosingInputStream); line: 2, column: 6]
	at com.fasterxml.jackson.core.JsonParser._constructError(JsonParser.java:2477) ~[jackson-core-2.15.3.jar:2.15.3]
	at com.fasterxml.jackson.core.base.ParserMinimalBase._reportError(ParserMinimalBase.java:750) ~[jackson-core-2.15.3.jar:2.15.3]
	at com.fasterxml.jackson.core.base.ParserMinimalBase._reportUnexpectedChar(ParserMinimalBase.java:674) ~[jackson-core-2.15.3.jar:2.15.3]
	at com.fasterxml.jackson.core.json.UTF8StreamJsonParser._handleOddName(UTF8StreamJsonParser.java:2144) ~[jackson-core-2.15.3.jar:2.15.3]
	at com.fasterxml.jackson.core.json.UTF8StreamJsonParser._parseName(UTF8StreamJsonParser.java:1794) ~[jackson-core-2.15.3.jar:2.15.3]
	at com.fasterxml.jackson.core.json.UTF8StreamJsonParser.nextToken(UTF8StreamJsonParser.java:798) ~[jackson-core-2.15.3.jar:2.15.3]
	at com.fasterxml.jackson.databind.deser.BeanDeserializer.deserialize(BeanDeserializer.java:181) ~[jackson-databind-2.15.3.jar:2.15.3]
	at com.fasterxml.jackson.databind.deser.DefaultDeserializationContext.readRootValue(DefaultDeserializationContext.java:323) ~[jackson-databind-2.15.3.jar:2.15.3]
	at com.fasterxml.jackson.databind.ObjectReader._bindAndClose(ObjectReader.java:2105) ~[jackson-databind-2.15.3.jar:2.15.3]
	at com.fasterxml.jackson.databind.ObjectReader.readValue(ObjectReader.java:1481) ~[jackson-databind-2.15.3.jar:2.15.3]
	at org.springframework.http.converter.json.AbstractJackson2HttpMessageConverter.readJavaType(AbstractJackson2HttpMessageConverter.java:395) ~[spring-web-6.1.3.jar:6.1.3]
	... 107 common frames omitted

2024-10-26T05:58:39.674-07:00  WARN 9684 --- [Authentication Service] [http-nio-8080-exec-2] .m.m.a.ExceptionHandlerExceptionResolver : Resolved [org.springframework.http.converter.HttpMessageNotReadableException: JSON parse error: Unexpected character ('u' (code 117)): was expecting double-quote to start field name]
